Using pre-set license
Built from '2020.3/staging' branch; Version is '2020.3.30f1 (1fb1bf06830e) revision 2077119'; Using compiler version '192528614'; Build Type 'Release'
OS: 'Windows 10  (10.0.19044) 64bit Core' Language: 'en' Physical Memory: 16318 MB
BatchMode: 1, IsHumanControllingUs: 0, StartBugReporterOnCrash: 0, Is64bit: 1, IsPro: 0

COMMAND LINE ARGUMENTS:
C:\Program Files\Unity\Hub\Editor\2020.3.30f1\Editor\Unity.exe
-adb2
-batchMode
-noUpm
-name
AssetImportWorker0
-projectPath
S:/unity/GitHub/unity/Tanks3D
-logFile
Logs/AssetImportWorker0.log
-srvPort
59953
Successfully changed project path to: S:/unity/GitHub/unity/Tanks3D
S:/unity/GitHub/unity/Tanks3D
Using Asset Import Pipeline V2.
Refreshing native plugins compatible for Editor in 63.05 ms, found 2 plugins.
Preloading 0 native plugins for Editor in 0.00 ms.
Initialize engine version: 2020.3.30f1 (1fb1bf06830e)
[Subsystems] Discovering subsystems at path C:/Program Files/Unity/Hub/Editor/2020.3.30f1/Editor/Data/Resources/UnitySubsystems
[Subsystems] Discovering subsystems at path S:/unity/GitHub/unity/Tanks3D/Assets
GfxDevice: creating device client; threaded=0
Direct3D:
    Version:  Direct3D 11.0 [level 11.1]
    Renderer: Radeon RX550/550 Series (ID=0x699f)
    Vendor:   
    VRAM:     2028 MB
    Driver:   30.0.13023.4001
Initialize mono
Mono path[0] = 'C:/Program Files/Unity/Hub/Editor/2020.3.30f1/Editor/Data/Managed'
Mono path[1] = 'C:/Program Files/Unity/Hub/Editor/2020.3.30f1/Editor/Data/MonoBleedingEdge/lib/mono/unityjit'
Mono config path = 'C:/Program Files/Unity/Hub/Editor/2020.3.30f1/Editor/Data/MonoBleedingEdge/etc'
Using monoOptions --debugger-agent=transport=dt_socket,embedding=1,server=y,suspend=n,address=127.0.0.1:56776
Begin MonoManager ReloadAssembly
Registering precompiled unity dll's ...
Register platform support module: C:/Program Files/Unity/Hub/Editor/2020.3.30f1/Editor/Data/PlaybackEngines/MacStandaloneSupport/UnityEditor.OSXStandalone.Extensions.dll
Register platform support module: C:/Program Files/Unity/Hub/Editor/2020.3.30f1/Editor/Data/PlaybackEngines/WindowsStandaloneSupport/UnityEditor.WindowsStandalone.Extensions.dll
Registered in 0.003090 seconds.
Native extension for WindowsStandalone target not found
Native extension for OSXStandalone target not found
Refreshing native plugins compatible for Editor in 60.31 ms, found 2 plugins.
Preloading 0 native plugins for Editor in 0.00 ms.
Mono: successfully reloaded assembly
- Completed reload, in  0.694 seconds
Domain Reload Profiling:
	ReloadAssembly (694ms)
		BeginReloadAssembly (77ms)
			ExecutionOrderSort (0ms)
			DisableScriptedObjects (0ms)
			BackupInstance (0ms)
			ReleaseScriptingObjects (0ms)
			CreateAndSetChildDomain (1ms)
		EndReloadAssembly (532ms)
			LoadAssemblies (74ms)
			RebuildTransferFunctionScriptingTraits (0ms)
			SetupTypeCache (159ms)
			ReleaseScriptCaches (0ms)
			RebuildScriptCaches (43ms)
			SetupLoadedEditorAssemblies (213ms)
				LogAssemblyErrors (0ms)
				InitializePlatformSupportModulesInManaged (6ms)
				SetLoadedEditorAssemblies (0ms)
				RefreshPlugins (60ms)
				BeforeProcessingInitializeOnLoad (24ms)
				ProcessInitializeOnLoadAttributes (92ms)
				ProcessInitializeOnLoadMethodAttributes (31ms)
				AfterProcessingInitializeOnLoad (0ms)
				EditorAssembliesLoaded (0ms)
			ExecutionOrderSort2 (0ms)
			AwakeInstancesAfterBackupRestoration (0ms)
Platform modules already initialized, skipping
Registering precompiled user dll's ...
Registered in 0.004477 seconds.
Begin MonoManager ReloadAssembly
Native extension for WindowsStandalone target not found
Native extension for OSXStandalone target not found
Refreshing native plugins compatible for Editor in 0.59 ms, found 2 plugins.
Preloading 0 native plugins for Editor in 0.00 ms.
Mono: successfully reloaded assembly
- Completed reload, in  1.246 seconds
Domain Reload Profiling:
	ReloadAssembly (1246ms)
		BeginReloadAssembly (175ms)
			ExecutionOrderSort (0ms)
			DisableScriptedObjects (7ms)
			BackupInstance (0ms)
			ReleaseScriptingObjects (0ms)
			CreateAndSetChildDomain (19ms)
		EndReloadAssembly (1002ms)
			LoadAssemblies (107ms)
			RebuildTransferFunctionScriptingTraits (0ms)
			SetupTypeCache (345ms)
			ReleaseScriptCaches (1ms)
			RebuildScriptCaches (67ms)
			SetupLoadedEditorAssemblies (382ms)
				LogAssemblyErrors (0ms)
				InitializePlatformSupportModulesInManaged (6ms)
				SetLoadedEditorAssemblies (1ms)
				RefreshPlugins (1ms)
				BeforeProcessingInitializeOnLoad (100ms)
				ProcessInitializeOnLoadAttributes (253ms)
				ProcessInitializeOnLoadMethodAttributes (11ms)
				AfterProcessingInitializeOnLoad (10ms)
				EditorAssembliesLoaded (0ms)
			ExecutionOrderSort2 (0ms)
			AwakeInstancesAfterBackupRestoration (7ms)
Platform modules already initialized, skipping
========================================================================
Worker process is ready to serve import requests
Launched and connected shader compiler UnityShaderCompiler.exe after 0.08 seconds
Refreshing native plugins compatible for Editor in 0.80 ms, found 2 plugins.
Preloading 0 native plugins for Editor in 0.00 ms.
Unloading 2468 Unused Serialized files (Serialized files now loaded: 0)
System memory in use before: 100.6 MB.
System memory in use after: 100.8 MB.

Unloading 21 unused Assets to reduce memory usage. Loaded Objects now: 2901.
Total: 3.593200 ms (FindLiveObjects: 0.280900 ms CreateObjectMapping: 0.083200 ms MarkObjects: 3.145000 ms  DeleteObjects: 0.082800 ms)

AssetImportParameters requested are different than current active one (requested -> active):
  custom:framework-win-MediaFoundation: 216162199b28c13a410421893ffa2e32 -> 
  custom:video-decoder-ogg-theora: a1e56fd34408186e4bbccfd4996cb3dc -> 
  custom:container-muxer-webm: aa71ff27fc2769a1b78a27578f13a17b -> 
  custom:container-demuxer-webm: 4f35f7cbe854078d1ac9338744f61a02 -> 
  custom:container-demuxer-ogg: 62fdf1f143b41e24485cea50d1cbac27 -> 
  custom:video-encoder-webm-vp8: eb34c28f22e8b96e1ab97ce403110664 -> 
  custom:video-decoder-webm-vp8: 9c59270c3fd7afecdb556c50c9e8de78 -> 
  custom:audio-decoder-ogg-vorbis: bf7c407c2cedff20999df2af8eb42d56 -> 
  custom:audio-encoder-webm-vorbis: bf7c407c2cedff20999df2af8eb42d56 -> 
========================================================================
Received Import Request.
  path: Assets/Prefabs/Player.prefab
  artifactKey: Guid(79842aac55224894ebfc0b44ccd0ba17) Importer(815301076,1909f56bfc062723c751e8b465ee728b)
Start importing Assets/Prefabs/Player.prefab using Guid(79842aac55224894ebfc0b44ccd0ba17) Importer(815301076,1909f56bfc062723c751e8b465ee728b)  -> (artifact id: 'e5ff0a632538780af172184ddcdc6672') in 0.144556 seconds 
========================================================================
Received Import Request.
  Time since last request: 0.000233 seconds.
  path: Assets/Resources/Enemy.prefab
  artifactKey: Guid(f9d8c47326fd29848bdbbcacd6d30d27) Importer(815301076,1909f56bfc062723c751e8b465ee728b)
Start importing Assets/Resources/Enemy.prefab using Guid(f9d8c47326fd29848bdbbcacd6d30d27) Importer(815301076,1909f56bfc062723c751e8b465ee728b)  -> (artifact id: '96a547901cac016b73af8cf2c3d72f46') in 0.041768 seconds 
========================================================================
Received Import Request.
  Time since last request: 0.000256 seconds.
  path: Assets/Resources/AP.prefab
  artifactKey: Guid(b0bf26ab311d9e643ab88927d307cae2) Importer(815301076,1909f56bfc062723c751e8b465ee728b)
Start importing Assets/Resources/AP.prefab using Guid(b0bf26ab311d9e643ab88927d307cae2) Importer(815301076,1909f56bfc062723c751e8b465ee728b) 'Damage' is missing the class attribute 'ExtensionOfNativeClass'!
GameObject (named 'AP') references runtime script in scene file. Fixing!
'Damage' is missing the class attribute 'ExtensionOfNativeClass'!
'Damage' is missing the class attribute 'ExtensionOfNativeClass'!
UnityEngine.StackTraceUtility:ExtractStackTrace ()
UnityEditor.EditorUtility:Internal_InstantiateRemoveAllNonAnimationComponentsSingle (UnityEngine.Object,UnityEngine.Vector3,UnityEngine.Quaternion)
UnityEditor.EditorUtility:InstantiateRemoveAllNonAnimationComponents (UnityEngine.Object,UnityEngine.Vector3,UnityEngine.Quaternion)
UnityEditor.EditorUtility:InstantiateForAnimatorPreview (UnityEngine.Object)
UnityEditor.GameObjectInspector/PreviewData:UpdateGameObject (UnityEngine.Object)
UnityEditor.GameObjectInspector/PreviewData:.ctor (UnityEngine.Object)
UnityEditor.GameObjectInspector:GetPreviewData ()
UnityEditor.GameObjectInspector:RenderStaticPreview (string,UnityEngine.Object[],int,int)
UnityEditor.AssetPreviewUpdater:CreatePreviewForAsset (UnityEngine.Object,UnityEngine.Object[],string)

[C:\buildslave\unity\build\Runtime/Scripting/ManagedReference/SerializableManagedRef.cpp line 115]

 -> (artifact id: 'ca696a55a49bceadee07c4c0e93300b7') in 0.023504 seconds 
========================================================================
Received Import Request.
  Time since last request: 7.135292 seconds.
  path: Assets/Resources/AP.prefab
  artifactKey: Guid(b0bf26ab311d9e643ab88927d307cae2) Importer(815301076,1909f56bfc062723c751e8b465ee728b)
Start importing Assets/Resources/AP.prefab using Guid(b0bf26ab311d9e643ab88927d307cae2) Importer(815301076,1909f56bfc062723c751e8b465ee728b)  -> (artifact id: '69147b167a30fb0bf5eb5829b2aa0a13') in 0.009193 seconds 
========================================================================
Received Prepare
Registering precompiled user dll's ...
Registered in 0.003765 seconds.
Begin MonoManager ReloadAssembly
Native extension for WindowsStandalone target not found
Native extension for OSXStandalone target not found
Refreshing native plugins compatible for Editor in 0.55 ms, found 2 plugins.
Preloading 0 native plugins for Editor in 0.00 ms.
Mono: successfully reloaded assembly
- Completed reload, in  1.182 seconds
Domain Reload Profiling:
	ReloadAssembly (1183ms)
		BeginReloadAssembly (136ms)
			ExecutionOrderSort (0ms)
			DisableScriptedObjects (5ms)
			BackupInstance (0ms)
			ReleaseScriptingObjects (0ms)
			CreateAndSetChildDomain (38ms)
		EndReloadAssembly (977ms)
			LoadAssemblies (105ms)
			RebuildTransferFunctionScriptingTraits (0ms)
			SetupTypeCache (357ms)
			ReleaseScriptCaches (1ms)
			RebuildScriptCaches (59ms)
			SetupLoadedEditorAssemblies (361ms)
				LogAssemblyErrors (0ms)
				InitializePlatformSupportModulesInManaged (6ms)
				SetLoadedEditorAssemblies (1ms)
				RefreshPlugins (1ms)
				BeforeProcessingInitializeOnLoad (94ms)
				ProcessInitializeOnLoadAttributes (239ms)
				ProcessInitializeOnLoadMethodAttributes (12ms)
				AfterProcessingInitializeOnLoad (9ms)
				EditorAssembliesLoaded (0ms)
			ExecutionOrderSort2 (0ms)
			AwakeInstancesAfterBackupRestoration (7ms)
Platform modules already initialized, skipping
Refreshing native plugins compatible for Editor in 0.55 ms, found 2 plugins.
Preloading 0 native plugins for Editor in 0.00 ms.
Unloading 2436 Unused Serialized files (Serialized files now loaded: 0)
System memory in use before: 101.1 MB.
System memory in use after: 101.3 MB.

Unloading 16 unused Assets to reduce memory usage. Loaded Objects now: 2913.
Total: 3.026600 ms (FindLiveObjects: 0.211900 ms CreateObjectMapping: 0.062900 ms MarkObjects: 2.731400 ms  DeleteObjects: 0.019400 ms)

AssetImportParameters requested are different than current active one (requested -> active):
  custom:framework-win-MediaFoundation: 216162199b28c13a410421893ffa2e32 -> 
  custom:video-decoder-ogg-theora: a1e56fd34408186e4bbccfd4996cb3dc -> 
  custom:container-muxer-webm: aa71ff27fc2769a1b78a27578f13a17b -> 
  custom:container-demuxer-webm: 4f35f7cbe854078d1ac9338744f61a02 -> 
  custom:container-demuxer-ogg: 62fdf1f143b41e24485cea50d1cbac27 -> 
  custom:video-encoder-webm-vp8: eb34c28f22e8b96e1ab97ce403110664 -> 
  custom:video-decoder-webm-vp8: 9c59270c3fd7afecdb556c50c9e8de78 -> 
  custom:audio-decoder-ogg-vorbis: bf7c407c2cedff20999df2af8eb42d56 -> 
  custom:audio-encoder-webm-vorbis: bf7c407c2cedff20999df2af8eb42d56 -> 
========================================================================
Received Prepare
Registering precompiled user dll's ...
Registered in 0.003864 seconds.
Begin MonoManager ReloadAssembly
Native extension for WindowsStandalone target not found
Native extension for OSXStandalone target not found
Refreshing native plugins compatible for Editor in 0.59 ms, found 2 plugins.
Preloading 0 native plugins for Editor in 0.00 ms.
Mono: successfully reloaded assembly
- Completed reload, in  1.235 seconds
Domain Reload Profiling:
	ReloadAssembly (1236ms)
		BeginReloadAssembly (139ms)
			ExecutionOrderSort (0ms)
			DisableScriptedObjects (5ms)
			BackupInstance (0ms)
			ReleaseScriptingObjects (0ms)
			CreateAndSetChildDomain (38ms)
		EndReloadAssembly (1024ms)
			LoadAssemblies (111ms)
			RebuildTransferFunctionScriptingTraits (0ms)
			SetupTypeCache (399ms)
			ReleaseScriptCaches (1ms)
			RebuildScriptCaches (63ms)
			SetupLoadedEditorAssemblies (351ms)
				LogAssemblyErrors (0ms)
				InitializePlatformSupportModulesInManaged (6ms)
				SetLoadedEditorAssemblies (1ms)
				RefreshPlugins (1ms)
				BeforeProcessingInitializeOnLoad (92ms)
				ProcessInitializeOnLoadAttributes (232ms)
				ProcessInitializeOnLoadMethodAttributes (10ms)
				AfterProcessingInitializeOnLoad (9ms)
				EditorAssembliesLoaded (0ms)
			ExecutionOrderSort2 (0ms)
			AwakeInstancesAfterBackupRestoration (7ms)
Platform modules already initialized, skipping
Refreshing native plugins compatible for Editor in 0.54 ms, found 2 plugins.
Preloading 0 native plugins for Editor in 0.00 ms.
Unloading 2436 Unused Serialized files (Serialized files now loaded: 0)
System memory in use before: 101.1 MB.
System memory in use after: 101.3 MB.

Unloading 16 unused Assets to reduce memory usage. Loaded Objects now: 2915.
Total: 3.010800 ms (FindLiveObjects: 0.214000 ms CreateObjectMapping: 0.062100 ms MarkObjects: 2.712700 ms  DeleteObjects: 0.021000 ms)

AssetImportParameters requested are different than current active one (requested -> active):
  custom:framework-win-MediaFoundation: 216162199b28c13a410421893ffa2e32 -> 
  custom:video-decoder-ogg-theora: a1e56fd34408186e4bbccfd4996cb3dc -> 
  custom:container-muxer-webm: aa71ff27fc2769a1b78a27578f13a17b -> 
  custom:container-demuxer-webm: 4f35f7cbe854078d1ac9338744f61a02 -> 
  custom:container-demuxer-ogg: 62fdf1f143b41e24485cea50d1cbac27 -> 
  custom:video-encoder-webm-vp8: eb34c28f22e8b96e1ab97ce403110664 -> 
  custom:video-decoder-webm-vp8: 9c59270c3fd7afecdb556c50c9e8de78 -> 
  custom:audio-decoder-ogg-vorbis: bf7c407c2cedff20999df2af8eb42d56 -> 
  custom:audio-encoder-webm-vorbis: bf7c407c2cedff20999df2af8eb42d56 -> 
========================================================================
Received Prepare
Registering precompiled user dll's ...
Registered in 0.003913 seconds.
Begin MonoManager ReloadAssembly
Native extension for WindowsStandalone target not found
Native extension for OSXStandalone target not found
Refreshing native plugins compatible for Editor in 0.55 ms, found 2 plugins.
Preloading 0 native plugins for Editor in 0.00 ms.
Mono: successfully reloaded assembly
- Completed reload, in  1.223 seconds
Domain Reload Profiling:
	ReloadAssembly (1224ms)
		BeginReloadAssembly (142ms)
			ExecutionOrderSort (0ms)
			DisableScriptedObjects (6ms)
			BackupInstance (0ms)
			ReleaseScriptingObjects (0ms)
			CreateAndSetChildDomain (40ms)
		EndReloadAssembly (1005ms)
			LoadAssemblies (111ms)
			RebuildTransferFunctionScriptingTraits (0ms)
			SetupTypeCache (373ms)
			ReleaseScriptCaches (1ms)
			RebuildScriptCaches (56ms)
			SetupLoadedEditorAssemblies (369ms)
				LogAssemblyErrors (0ms)
				InitializePlatformSupportModulesInManaged (6ms)
				SetLoadedEditorAssemblies (1ms)
				RefreshPlugins (1ms)
				BeforeProcessingInitializeOnLoad (90ms)
				ProcessInitializeOnLoadAttributes (246ms)
				ProcessInitializeOnLoadMethodAttributes (13ms)
				AfterProcessingInitializeOnLoad (11ms)
				EditorAssembliesLoaded (0ms)
			ExecutionOrderSort2 (0ms)
			AwakeInstancesAfterBackupRestoration (8ms)
Platform modules already initialized, skipping
Refreshing native plugins compatible for Editor in 0.54 ms, found 2 plugins.
Preloading 0 native plugins for Editor in 0.00 ms.
Unloading 2436 Unused Serialized files (Serialized files now loaded: 0)
System memory in use before: 101.1 MB.
System memory in use after: 101.4 MB.

Unloading 16 unused Assets to reduce memory usage. Loaded Objects now: 2917.
Total: 2.991900 ms (FindLiveObjects: 0.213000 ms CreateObjectMapping: 0.063000 ms MarkObjects: 2.694900 ms  DeleteObjects: 0.020100 ms)

AssetImportParameters requested are different than current active one (requested -> active):
  custom:framework-win-MediaFoundation: 216162199b28c13a410421893ffa2e32 -> 
  custom:video-decoder-ogg-theora: a1e56fd34408186e4bbccfd4996cb3dc -> 
  custom:container-muxer-webm: aa71ff27fc2769a1b78a27578f13a17b -> 
  custom:container-demuxer-webm: 4f35f7cbe854078d1ac9338744f61a02 -> 
  custom:container-demuxer-ogg: 62fdf1f143b41e24485cea50d1cbac27 -> 
  custom:video-encoder-webm-vp8: eb34c28f22e8b96e1ab97ce403110664 -> 
  custom:video-decoder-webm-vp8: 9c59270c3fd7afecdb556c50c9e8de78 -> 
  custom:audio-decoder-ogg-vorbis: bf7c407c2cedff20999df2af8eb42d56 -> 
  custom:audio-encoder-webm-vorbis: bf7c407c2cedff20999df2af8eb42d56 -> 
========================================================================
Received Prepare
Registering precompiled user dll's ...
Registered in 0.004041 seconds.
Begin MonoManager ReloadAssembly
Native extension for WindowsStandalone target not found
Native extension for OSXStandalone target not found
Refreshing native plugins compatible for Editor in 0.57 ms, found 2 plugins.
Preloading 0 native plugins for Editor in 0.00 ms.
Mono: successfully reloaded assembly
- Completed reload, in  1.221 seconds
Domain Reload Profiling:
	ReloadAssembly (1221ms)
		BeginReloadAssembly (145ms)
			ExecutionOrderSort (0ms)
			DisableScriptedObjects (6ms)
			BackupInstance (0ms)
			ReleaseScriptingObjects (0ms)
			CreateAndSetChildDomain (37ms)
		EndReloadAssembly (1006ms)
			LoadAssemblies (114ms)
			RebuildTransferFunctionScriptingTraits (0ms)
			SetupTypeCache (358ms)
			ReleaseScriptCaches (1ms)
			RebuildScriptCaches (76ms)
			SetupLoadedEditorAssemblies (365ms)
				LogAssemblyErrors (0ms)
				InitializePlatformSupportModulesInManaged (8ms)
				SetLoadedEditorAssemblies (1ms)
				RefreshPlugins (1ms)
				BeforeProcessingInitializeOnLoad (95ms)
				ProcessInitializeOnLoadAttributes (242ms)
				ProcessInitializeOnLoadMethodAttributes (10ms)
				AfterProcessingInitializeOnLoad (9ms)
				EditorAssembliesLoaded (0ms)
			ExecutionOrderSort2 (0ms)
			AwakeInstancesAfterBackupRestoration (8ms)
Platform modules already initialized, skipping
Refreshing native plugins compatible for Editor in 0.77 ms, found 2 plugins.
Preloading 0 native plugins for Editor in 0.00 ms.
Unloading 2436 Unused Serialized files (Serialized files now loaded: 0)
System memory in use before: 101.1 MB.
System memory in use after: 101.4 MB.

Unloading 16 unused Assets to reduce memory usage. Loaded Objects now: 2919.
Total: 3.224100 ms (FindLiveObjects: 0.237000 ms CreateObjectMapping: 0.063400 ms MarkObjects: 2.897300 ms  DeleteObjects: 0.025300 ms)

AssetImportParameters requested are different than current active one (requested -> active):
  custom:framework-win-MediaFoundation: 216162199b28c13a410421893ffa2e32 -> 
  custom:video-decoder-ogg-theora: a1e56fd34408186e4bbccfd4996cb3dc -> 
  custom:container-muxer-webm: aa71ff27fc2769a1b78a27578f13a17b -> 
  custom:container-demuxer-webm: 4f35f7cbe854078d1ac9338744f61a02 -> 
  custom:container-demuxer-ogg: 62fdf1f143b41e24485cea50d1cbac27 -> 
  custom:video-encoder-webm-vp8: eb34c28f22e8b96e1ab97ce403110664 -> 
  custom:video-decoder-webm-vp8: 9c59270c3fd7afecdb556c50c9e8de78 -> 
  custom:audio-decoder-ogg-vorbis: bf7c407c2cedff20999df2af8eb42d56 -> 
  custom:audio-encoder-webm-vorbis: bf7c407c2cedff20999df2af8eb42d56 -> 
========================================================================
Received Prepare
Registering precompiled user dll's ...
Registered in 0.003925 seconds.
Begin MonoManager ReloadAssembly
Native extension for WindowsStandalone target not found
Native extension for OSXStandalone target not found
Refreshing native plugins compatible for Editor in 0.56 ms, found 2 plugins.
Preloading 0 native plugins for Editor in 0.00 ms.
Mono: successfully reloaded assembly
- Completed reload, in  1.175 seconds
Domain Reload Profiling:
	ReloadAssembly (1175ms)
		BeginReloadAssembly (133ms)
			ExecutionOrderSort (0ms)
			DisableScriptedObjects (5ms)
			BackupInstance (0ms)
			ReleaseScriptingObjects (0ms)
			CreateAndSetChildDomain (36ms)
		EndReloadAssembly (971ms)
			LoadAssemblies (108ms)
			RebuildTransferFunctionScriptingTraits (0ms)
			SetupTypeCache (333ms)
			ReleaseScriptCaches (1ms)
			RebuildScriptCaches (70ms)
			SetupLoadedEditorAssemblies (359ms)
				LogAssemblyErrors (0ms)
				InitializePlatformSupportModulesInManaged (6ms)
				SetLoadedEditorAssemblies (1ms)
				RefreshPlugins (1ms)
				BeforeProcessingInitializeOnLoad (92ms)
				ProcessInitializeOnLoadAttributes (240ms)
				ProcessInitializeOnLoadMethodAttributes (10ms)
				AfterProcessingInitializeOnLoad (9ms)
				EditorAssembliesLoaded (0ms)
			ExecutionOrderSort2 (0ms)
			AwakeInstancesAfterBackupRestoration (7ms)
Platform modules already initialized, skipping
Refreshing native plugins compatible for Editor in 0.55 ms, found 2 plugins.
Preloading 0 native plugins for Editor in 0.00 ms.
Unloading 2436 Unused Serialized files (Serialized files now loaded: 0)
System memory in use before: 101.2 MB.
System memory in use after: 101.4 MB.

Unloading 16 unused Assets to reduce memory usage. Loaded Objects now: 2921.
Total: 2.956400 ms (FindLiveObjects: 0.212000 ms CreateObjectMapping: 0.061600 ms MarkObjects: 2.661100 ms  DeleteObjects: 0.021000 ms)

AssetImportParameters requested are different than current active one (requested -> active):
  custom:framework-win-MediaFoundation: 216162199b28c13a410421893ffa2e32 -> 
  custom:video-decoder-ogg-theora: a1e56fd34408186e4bbccfd4996cb3dc -> 
  custom:container-muxer-webm: aa71ff27fc2769a1b78a27578f13a17b -> 
  custom:container-demuxer-webm: 4f35f7cbe854078d1ac9338744f61a02 -> 
  custom:container-demuxer-ogg: 62fdf1f143b41e24485cea50d1cbac27 -> 
  custom:video-encoder-webm-vp8: eb34c28f22e8b96e1ab97ce403110664 -> 
  custom:video-decoder-webm-vp8: 9c59270c3fd7afecdb556c50c9e8de78 -> 
  custom:audio-decoder-ogg-vorbis: bf7c407c2cedff20999df2af8eb42d56 -> 
  custom:audio-encoder-webm-vorbis: bf7c407c2cedff20999df2af8eb42d56 -> 
========================================================================
Received Prepare
Registering precompiled user dll's ...
Registered in 0.004492 seconds.
Begin MonoManager ReloadAssembly
Native extension for WindowsStandalone target not found
Native extension for OSXStandalone target not found
Refreshing native plugins compatible for Editor in 0.59 ms, found 2 plugins.
Preloading 0 native plugins for Editor in 0.00 ms.
Mono: successfully reloaded assembly
- Completed reload, in  1.210 seconds
Domain Reload Profiling:
	ReloadAssembly (1211ms)
		BeginReloadAssembly (137ms)
			ExecutionOrderSort (0ms)
			DisableScriptedObjects (6ms)
			BackupInstance (0ms)
			ReleaseScriptingObjects (0ms)
			CreateAndSetChildDomain (39ms)
		EndReloadAssembly (993ms)
			LoadAssemblies (114ms)
			RebuildTransferFunctionScriptingTraits (0ms)
			SetupTypeCache (345ms)
			ReleaseScriptCaches (1ms)
			RebuildScriptCaches (57ms)
			SetupLoadedEditorAssemblies (377ms)
				LogAssemblyErrors (0ms)
				InitializePlatformSupportModulesInManaged (6ms)
				SetLoadedEditorAssemblies (1ms)
				RefreshPlugins (1ms)
				BeforeProcessingInitializeOnLoad (94ms)
				ProcessInitializeOnLoadAttributes (254ms)
				ProcessInitializeOnLoadMethodAttributes (11ms)
				AfterProcessingInitializeOnLoad (9ms)
				EditorAssembliesLoaded (0ms)
			ExecutionOrderSort2 (0ms)
			AwakeInstancesAfterBackupRestoration (8ms)
Platform modules already initialized, skipping
Refreshing native plugins compatible for Editor in 0.58 ms, found 2 plugins.
Preloading 0 native plugins for Editor in 0.00 ms.
Unloading 2450 Unused Serialized files (Serialized files now loaded: 0)
System memory in use before: 101.9 MB.
System memory in use after: 102.1 MB.

Unloading 19 unused Assets to reduce memory usage. Loaded Objects now: 2935.
Total: 3.102500 ms (FindLiveObjects: 0.224000 ms CreateObjectMapping: 0.060700 ms MarkObjects: 2.734500 ms  DeleteObjects: 0.082600 ms)

AssetImportParameters requested are different than current active one (requested -> active):
  custom:framework-win-MediaFoundation: 216162199b28c13a410421893ffa2e32 -> 
  custom:video-decoder-ogg-theora: a1e56fd34408186e4bbccfd4996cb3dc -> 
  custom:container-muxer-webm: aa71ff27fc2769a1b78a27578f13a17b -> 
  custom:container-demuxer-webm: 4f35f7cbe854078d1ac9338744f61a02 -> 
  custom:container-demuxer-ogg: 62fdf1f143b41e24485cea50d1cbac27 -> 
  custom:video-encoder-webm-vp8: eb34c28f22e8b96e1ab97ce403110664 -> 
  custom:video-decoder-webm-vp8: 9c59270c3fd7afecdb556c50c9e8de78 -> 
  custom:audio-decoder-ogg-vorbis: bf7c407c2cedff20999df2af8eb42d56 -> 
  custom:audio-encoder-webm-vorbis: bf7c407c2cedff20999df2af8eb42d56 -> 
========================================================================
Received Import Request.
  Time since last request: 1045.116362 seconds.
  path: Assets/JMO Assets/Editor
  artifactKey: Guid(632cca2d5218983499321573c76c8e8a) Importer(815301076,1909f56bfc062723c751e8b465ee728b)
Start importing Assets/JMO Assets/Editor using Guid(632cca2d5218983499321573c76c8e8a) Importer(815301076,1909f56bfc062723c751e8b465ee728b)  -> (artifact id: '992aad20f8220ed26ed8838a0fe9669a') in 0.010268 seconds 
========================================================================
Received Import Request.
  Time since last request: 1.781598 seconds.
  path: Assets/JMO Assets/Cartoon FX Easy Editor
  artifactKey: Guid(7a7171bf41aeb6949b08451fbcd42dd7) Importer(815301076,1909f56bfc062723c751e8b465ee728b)
Start importing Assets/JMO Assets/Cartoon FX Easy Editor using Guid(7a7171bf41aeb6949b08451fbcd42dd7) Importer(815301076,1909f56bfc062723c751e8b465ee728b)  -> (artifact id: '6f809c37ebb6b848f97257d3050490b0') in 0.006391 seconds 
========================================================================
Received Import Request.
  Time since last request: 0.913447 seconds.
  path: Assets/JMO Assets/Cartoon FX Easy Editor/Editor
  artifactKey: Guid(ef74fe7f8dfc6894481d107231650819) Importer(815301076,1909f56bfc062723c751e8b465ee728b)
Start importing Assets/JMO Assets/Cartoon FX Easy Editor/Editor using Guid(ef74fe7f8dfc6894481d107231650819) Importer(815301076,1909f56bfc062723c751e8b465ee728b)  -> (artifact id: '12e3147e9e6a7861a2cbbb44352c40d8') in 0.005121 seconds 
========================================================================
Received Import Request.
  Time since last request: 0.273188 seconds.
  path: Assets/JMO Assets/Cartoon FX Easy Editor/CartoonFX Easy Editor Readme.txt
  artifactKey: Guid(459d1fc7f02e45a45806af5efd38b025) Importer(815301076,1909f56bfc062723c751e8b465ee728b)
Start importing Assets/JMO Assets/Cartoon FX Easy Editor/CartoonFX Easy Editor Readme.txt using Guid(459d1fc7f02e45a45806af5efd38b025) Importer(815301076,1909f56bfc062723c751e8b465ee728b)  -> (artifact id: '0a5476e01aca4b734eed9c69fb9f4ad9') in 0.023096 seconds 
========================================================================
Received Import Request.
  Time since last request: 2.035123 seconds.
  path: Assets/JMO Assets/Cartoon FX
  artifactKey: Guid(c865e48369a325f4784ecd8444d1ec51) Importer(815301076,1909f56bfc062723c751e8b465ee728b)
Start importing Assets/JMO Assets/Cartoon FX using Guid(c865e48369a325f4784ecd8444d1ec51) Importer(815301076,1909f56bfc062723c751e8b465ee728b)  -> (artifact id: 'b943754cfa11b8edc36668da7f91a066') in 0.011246 seconds 
========================================================================
Received Import Request.
  Time since last request: 1.188556 seconds.
  path: Assets/JMO Assets/Cartoon FX/CFX Prefabs
  artifactKey: Guid(f348a2fb2f8a7fe4e82fb08818415884) Importer(815301076,1909f56bfc062723c751e8b465ee728b)
Start importing Assets/JMO Assets/Cartoon FX/CFX Prefabs using Guid(f348a2fb2f8a7fe4e82fb08818415884) Importer(815301076,1909f56bfc062723c751e8b465ee728b)  -> (artifact id: '995ec5a4a6c20031d3aa427bf4642a5b') in 0.006099 seconds 
========================================================================
Received Import Request.
  Time since last request: 34.685279 seconds.
  path: Assets/Resources/Enemy.prefab
  artifactKey: Guid(f9d8c47326fd29848bdbbcacd6d30d27) Importer(815301076,1909f56bfc062723c751e8b465ee728b)
Start importing Assets/Resources/Enemy.prefab using Guid(f9d8c47326fd29848bdbbcacd6d30d27) Importer(815301076,1909f56bfc062723c751e8b465ee728b)  -> (artifact id: '489ac51a89b58626c1c597ceefb83251') in 0.056477 seconds 
========================================================================
Received Import Request.
  Time since last request: 4.078853 seconds.
  path: Assets/Resources/Enemy.prefab
  artifactKey: Guid(f9d8c47326fd29848bdbbcacd6d30d27) Importer(815301076,1909f56bfc062723c751e8b465ee728b)
Start importing Assets/Resources/Enemy.prefab using Guid(f9d8c47326fd29848bdbbcacd6d30d27) Importer(815301076,1909f56bfc062723c751e8b465ee728b) The AnimationClip 'Default Take' used by the Animation component 'Enemy' must be marked as Legacy.
The AnimationClip 'Default Take' used by the Animation component 'Enemy(Clone)' must be marked as Legacy.
UnityEngine.StackTraceUtility:ExtractStackTrace ()
UnityEditor.EditorUtility:Internal_InstantiateRemoveAllNonAnimationComponentsSingle (UnityEngine.Object,UnityEngine.Vector3,UnityEngine.Quaternion)
UnityEditor.EditorUtility:InstantiateRemoveAllNonAnimationComponents (UnityEngine.Object,UnityEngine.Vector3,UnityEngine.Quaternion)
UnityEditor.EditorUtility:InstantiateForAnimatorPreview (UnityEngine.Object)
UnityEditor.GameObjectInspector/PreviewData:UpdateGameObject (UnityEngine.Object)
UnityEditor.GameObjectInspector/PreviewData:.ctor (UnityEngine.Object)
UnityEditor.GameObjectInspector:GetPreviewData ()
UnityEditor.GameObjectInspector:RenderStaticPreview (string,UnityEngine.Object[],int,int)
UnityEditor.AssetPreviewUpdater:CreatePreviewForAsset (UnityEngine.Object,UnityEngine.Object[],string)

[C:\buildslave\unity\build\Modules/Animation/Animation.cpp line 2050]

The AnimationClip 'Default Take' used by the Animation component 'Enemy(Clone)AnimatorPreview' must be marked as Legacy.
UnityEngine.StackTraceUtility:ExtractStackTrace ()
UnityEditor.EditorUtility:InitInstantiatedPreviewRecursive (UnityEngine.GameObject)
UnityEditor.EditorUtility:InstantiateForAnimatorPreview (UnityEngine.Object)
UnityEditor.GameObjectInspector/PreviewData:UpdateGameObject (UnityEngine.Object)
UnityEditor.GameObjectInspector/PreviewData:.ctor (UnityEngine.Object)
UnityEditor.GameObjectInspector:GetPreviewData ()
UnityEditor.GameObjectInspector:RenderStaticPreview (string,UnityEngine.Object[],int,int)
UnityEditor.AssetPreviewUpdater:CreatePreviewForAsset (UnityEngine.Object,UnityEngine.Object[],string)

[C:\buildslave\unity\build\Modules/Animation/Animation.cpp line 2050]

 -> (artifact id: '0240ef7c1d22b7cdb9b82860af630b05') in 0.013905 seconds 
========================================================================
Received Import Request.
  Time since last request: 2.209418 seconds.
  path: Assets/Resources/Enemy.prefab
  artifactKey: Guid(f9d8c47326fd29848bdbbcacd6d30d27) Importer(815301076,1909f56bfc062723c751e8b465ee728b)
Start importing Assets/Resources/Enemy.prefab using Guid(f9d8c47326fd29848bdbbcacd6d30d27) Importer(815301076,1909f56bfc062723c751e8b465ee728b) The AnimationClip 'Default Take' used by the Animation component 'Enemy' must be marked as Legacy.
The AnimationClip 'Default Take' used by the Animation component 'Enemy(Clone)' must be marked as Legacy.
UnityEngine.StackTraceUtility:ExtractStackTrace ()
UnityEditor.EditorUtility:Internal_InstantiateRemoveAllNonAnimationComponentsSingle (UnityEngine.Object,UnityEngine.Vector3,UnityEngine.Quaternion)
UnityEditor.EditorUtility:InstantiateRemoveAllNonAnimationComponents (UnityEngine.Object,UnityEngine.Vector3,UnityEngine.Quaternion)
UnityEditor.EditorUtility:InstantiateForAnimatorPreview (UnityEngine.Object)
UnityEditor.GameObjectInspector/PreviewData:UpdateGameObject (UnityEngine.Object)
UnityEditor.GameObjectInspector/PreviewData:.ctor (UnityEngine.Object)
UnityEditor.GameObjectInspector:GetPreviewData ()
UnityEditor.GameObjectInspector:RenderStaticPreview (string,UnityEngine.Object[],int,int)
UnityEditor.AssetPreviewUpdater:CreatePreviewForAsset (UnityEngine.Object,UnityEngine.Object[],string)

[C:\buildslave\unity\build\Modules/Animation/Animation.cpp line 2050]

The AnimationClip 'Default Take' used by the Animation component 'Enemy(Clone)AnimatorPreview' must be marked as Legacy.
UnityEngine.StackTraceUtility:ExtractStackTrace ()
UnityEditor.EditorUtility:InitInstantiatedPreviewRecursive (UnityEngine.GameObject)
UnityEditor.EditorUtility:InstantiateForAnimatorPreview (UnityEngine.Object)
UnityEditor.GameObjectInspector/PreviewData:UpdateGameObject (UnityEngine.Object)
UnityEditor.GameObjectInspector/PreviewData:.ctor (UnityEngine.Object)
UnityEditor.GameObjectInspector:GetPreviewData ()
UnityEditor.GameObjectInspector:RenderStaticPreview (string,UnityEngine.Object[],int,int)
UnityEditor.AssetPreviewUpdater:CreatePreviewForAsset (UnityEngine.Object,UnityEngine.Object[],string)

[C:\buildslave\unity\build\Modules/Animation/Animation.cpp line 2050]

 -> (artifact id: 'e43f75bda2116a03c5556848df3dedb3') in 0.010145 seconds 
========================================================================
Received Import Request.
  Time since last request: 0.486806 seconds.
  path: Assets/Resources/Enemy.prefab
  artifactKey: Guid(f9d8c47326fd29848bdbbcacd6d30d27) Importer(815301076,1909f56bfc062723c751e8b465ee728b)
Start importing Assets/Resources/Enemy.prefab using Guid(f9d8c47326fd29848bdbbcacd6d30d27) Importer(815301076,1909f56bfc062723c751e8b465ee728b) The AnimationClip 'Default Take' used by the Animation component 'Enemy' must be marked as Legacy.
The AnimationClip 'Default Take' used by the Animation component 'Enemy(Clone)' must be marked as Legacy.
UnityEngine.StackTraceUtility:ExtractStackTrace ()
UnityEditor.EditorUtility:Internal_InstantiateRemoveAllNonAnimationComponentsSingle (UnityEngine.Object,UnityEngine.Vector3,UnityEngine.Quaternion)
UnityEditor.EditorUtility:InstantiateRemoveAllNonAnimationComponents (UnityEngine.Object,UnityEngine.Vector3,UnityEngine.Quaternion)
UnityEditor.EditorUtility:InstantiateForAnimatorPreview (UnityEngine.Object)
UnityEditor.GameObjectInspector/PreviewData:UpdateGameObject (UnityEngine.Object)
UnityEditor.GameObjectInspector/PreviewData:.ctor (UnityEngine.Object)
UnityEditor.GameObjectInspector:GetPreviewData ()
UnityEditor.GameObjectInspector:RenderStaticPreview (string,UnityEngine.Object[],int,int)
UnityEditor.AssetPreviewUpdater:CreatePreviewForAsset (UnityEngine.Object,UnityEngine.Object[],string)

[C:\buildslave\unity\build\Modules/Animation/Animation.cpp line 2050]

The AnimationClip 'Default Take' used by the Animation component 'Enemy(Clone)AnimatorPreview' must be marked as Legacy.
UnityEngine.StackTraceUtility:ExtractStackTrace ()
UnityEditor.EditorUtility:InitInstantiatedPreviewRecursive (UnityEngine.GameObject)
UnityEditor.EditorUtility:InstantiateForAnimatorPreview (UnityEngine.Object)
UnityEditor.GameObjectInspector/PreviewData:UpdateGameObject (UnityEngine.Object)
UnityEditor.GameObjectInspector/PreviewData:.ctor (UnityEngine.Object)
UnityEditor.GameObjectInspector:GetPreviewData ()
UnityEditor.GameObjectInspector:RenderStaticPreview (string,UnityEngine.Object[],int,int)
UnityEditor.AssetPreviewUpdater:CreatePreviewForAsset (UnityEngine.Object,UnityEngine.Object[],string)

[C:\buildslave\unity\build\Modules/Animation/Animation.cpp line 2050]

 -> (artifact id: '80fc49441546f46e02e25944f1e4d831') in 0.012498 seconds 
========================================================================
Received Import Request.
  Time since last request: 16.281196 seconds.
  path: Assets/JMO Assets/Cartoon FX/Mesh/CFX_Mesh_Circular.FBX
  artifactKey: Guid(33e6621d2756c044d88f4f9de1a55e7e) Importer(815301076,1909f56bfc062723c751e8b465ee728b)
Start importing Assets/JMO Assets/Cartoon FX/Mesh/CFX_Mesh_Circular.FBX using Guid(33e6621d2756c044d88f4f9de1a55e7e) Importer(815301076,1909f56bfc062723c751e8b465ee728b)  -> (artifact id: '73e699e879f2b169869084841c24c638') in 0.108578 seconds 
========================================================================
Received Import Request.
  Time since last request: 0.000192 seconds.
  path: Assets/JMO Assets/Cartoon FX/Mesh/CFX_Mesh_Circular1.5.asset
  artifactKey: Guid(885d6c99746f9db4a83145e1d01a84e2) Importer(815301076,1909f56bfc062723c751e8b465ee728b)
Start importing Assets/JMO Assets/Cartoon FX/Mesh/CFX_Mesh_Circular1.5.asset using Guid(885d6c99746f9db4a83145e1d01a84e2) Importer(815301076,1909f56bfc062723c751e8b465ee728b)  -> (artifact id: '534c0f0865d13b18a04d78370b5c4f04') in 0.015600 seconds 
========================================================================
Received Import Request.
  Time since last request: 0.000179 seconds.
  path: Assets/JMO Assets/Cartoon FX/Mesh/CFX_Mesh_CircularAngle.FBX
  artifactKey: Guid(cd0e4347930affd4f81cb4698d17c2ca) Importer(815301076,1909f56bfc062723c751e8b465ee728b)
Start importing Assets/JMO Assets/Cartoon FX/Mesh/CFX_Mesh_CircularAngle.FBX using Guid(cd0e4347930affd4f81cb4698d17c2ca) Importer(815301076,1909f56bfc062723c751e8b465ee728b)  -> (artifact id: '795d9bf8598ddd766fa1aa5f83ca6ee0') in 0.022302 seconds 
========================================================================
Received Import Request.
  Time since last request: 0.000181 seconds.
  path: Assets/JMO Assets/Cartoon FX/Mesh/CFX_Mesh_Circular2.FBX
  artifactKey: Guid(645a11d137d568d4bb4e5e97f259a333) Importer(815301076,1909f56bfc062723c751e8b465ee728b)
Start importing Assets/JMO Assets/Cartoon FX/Mesh/CFX_Mesh_Circular2.FBX using Guid(645a11d137d568d4bb4e5e97f259a333) Importer(815301076,1909f56bfc062723c751e8b465ee728b)  -> (artifact id: '218cf1124dcc5ae040bdb4ee69b20ad5') in 0.018655 seconds 
========================================================================
Received Import Request.
  Time since last request: 257.128390 seconds.
  path: Assets/JMO Assets/Cartoon FX/CFX2 Prefabs
  artifactKey: Guid(84d86077ce20b3d408f08f7cc5cfb4ea) Importer(815301076,1909f56bfc062723c751e8b465ee728b)
Start importing Assets/JMO Assets/Cartoon FX/CFX2 Prefabs using Guid(84d86077ce20b3d408f08f7cc5cfb4ea) Importer(815301076,1909f56bfc062723c751e8b465ee728b)  -> (artifact id: '310ae612b2b970b17351af07b5c30386') in 0.007028 seconds 
========================================================================
Received Import Request.
  Time since last request: 0.173960 seconds.
  path: Assets/JMO Assets/Cartoon FX/CFX3 Prefabs
  artifactKey: Guid(9358d72e9ab0589469b7c81a782cb400) Importer(815301076,1909f56bfc062723c751e8b465ee728b)
Start importing Assets/JMO Assets/Cartoon FX/CFX3 Prefabs using Guid(9358d72e9ab0589469b7c81a782cb400) Importer(815301076,1909f56bfc062723c751e8b465ee728b)  -> (artifact id: '92094715ec9020f719d1dfb050b734b5') in 0.007447 seconds 
========================================================================
Received Import Request.
  Time since last request: 0.224406 seconds.
  path: Assets/JMO Assets/Cartoon FX/CFX4 Prefabs
  artifactKey: Guid(1a4ce55e5c136214387f9cd6fc355972) Importer(815301076,1909f56bfc062723c751e8b465ee728b)
Start importing Assets/JMO Assets/Cartoon FX/CFX4 Prefabs using Guid(1a4ce55e5c136214387f9cd6fc355972) Importer(815301076,1909f56bfc062723c751e8b465ee728b)  -> (artifact id: 'f428a3bfad5a2fa54582b5db1ac4c20f') in 0.006204 seconds 
========================================================================
Received Import Request.
  Time since last request: 0.227576 seconds.
  path: Assets/JMO Assets/Cartoon FX/Demo
  artifactKey: Guid(e6fdcf828c6e2b0449c56aec449fa3c5) Importer(815301076,1909f56bfc062723c751e8b465ee728b)
Start importing Assets/JMO Assets/Cartoon FX/Demo using Guid(e6fdcf828c6e2b0449c56aec449fa3c5) Importer(815301076,1909f56bfc062723c751e8b465ee728b)  -> (artifact id: '652addb702b462a6d8895c22d489ca4d') in 0.006221 seconds 
========================================================================
Received Import Request.
  Time since last request: 0.461700 seconds.
  path: Assets/JMO Assets/Cartoon FX/Materials
  artifactKey: Guid(1b2e8b4034e02a44fa55a6d381d7d2f9) Importer(815301076,1909f56bfc062723c751e8b465ee728b)
Start importing Assets/JMO Assets/Cartoon FX/Materials using Guid(1b2e8b4034e02a44fa55a6d381d7d2f9) Importer(815301076,1909f56bfc062723c751e8b465ee728b)  -> (artifact id: '76e89f38d48a08ece8706fdbbf5ba345') in 0.009120 seconds 
========================================================================
Received Import Request.
  Time since last request: 2.674990 seconds.
  path: Assets/JMO Assets/Cartoon FX/Materials/Animated
  artifactKey: Guid(a55c4f7a0bc0aa04d91e8e6b1d798218) Importer(815301076,1909f56bfc062723c751e8b465ee728b)
Start importing Assets/JMO Assets/Cartoon FX/Materials/Animated using Guid(a55c4f7a0bc0aa04d91e8e6b1d798218) Importer(815301076,1909f56bfc062723c751e8b465ee728b)  -> (artifact id: '2ed548b2b5781f0d3e67c36db4311cb5') in 0.010529 seconds 
========================================================================
Received Import Request.
  Time since last request: 0.900653 seconds.
  path: Assets/JMO Assets/Cartoon FX/Materials/Animated/CFX2_Anim_Bat Multiply.mat
  artifactKey: Guid(653d8478f72eda9478f558c843ccb9f7) Importer(815301076,1909f56bfc062723c751e8b465ee728b)
Start importing Assets/JMO Assets/Cartoon FX/Materials/Animated/CFX2_Anim_Bat Multiply.mat using Guid(653d8478f72eda9478f558c843ccb9f7) Importer(815301076,1909f56bfc062723c751e8b465ee728b)  -> (artifact id: 'c6f565363d366c67547ab3f6b5cf648c') in 0.066058 seconds 
========================================================================
Received Import Request.
  Time since last request: 0.000180 seconds.
  path: Assets/JMO Assets/Cartoon FX/Materials/Animated/CFX_Anim_Triangle2_Add.mat
  artifactKey: Guid(92089ba5e33f01d418da1bd5ba5c31a6) Importer(815301076,1909f56bfc062723c751e8b465ee728b)
Start importing Assets/JMO Assets/Cartoon FX/Materials/Animated/CFX_Anim_Triangle2_Add.mat using Guid(92089ba5e33f01d418da1bd5ba5c31a6) Importer(815301076,1909f56bfc062723c751e8b465ee728b)  -> (artifact id: '88e517280b41436c894e41dbbc015250') in 0.038403 seconds 
========================================================================
Received Import Request.
  Time since last request: 0.000192 seconds.
  path: Assets/JMO Assets/Cartoon FX/Materials/Animated/CFX_Anim_Poof_AddSoft.mat
  artifactKey: Guid(74a6f6cd13c058a43858627e5383715e) Importer(815301076,1909f56bfc062723c751e8b465ee728b)
Start importing Assets/JMO Assets/Cartoon FX/Materials/Animated/CFX_Anim_Poof_AddSoft.mat using Guid(74a6f6cd13c058a43858627e5383715e) Importer(815301076,1909f56bfc062723c751e8b465ee728b)  -> (artifact id: 'cfe00119a33b9596ed1e49519db9ffe5') in 0.035785 seconds 
========================================================================
Received Import Request.
  Time since last request: 0.000205 seconds.
  path: Assets/JMO Assets/Cartoon FX/Materials/Animated/CFX_Anim_Triangle3_Add.mat
  artifactKey: Guid(b03f3e8f44fe09d48af2ab4d04ddbddb) Importer(815301076,1909f56bfc062723c751e8b465ee728b)
Start importing Assets/JMO Assets/Cartoon FX/Materials/Animated/CFX_Anim_Triangle3_Add.mat using Guid(b03f3e8f44fe09d48af2ab4d04ddbddb) Importer(815301076,1909f56bfc062723c751e8b465ee728b)  -> (artifact id: 'db9f266579e187dfc3334c2e68618fb2') in 0.013569 seconds 
========================================================================
Received Import Request.
  Time since last request: 0.000244 seconds.
  path: Assets/JMO Assets/Cartoon FX/Materials/Animated/CFX_Anim_Poof_Add.mat
  artifactKey: Guid(e3d4119c3e4597d4b90fc27f1419ca4b) Importer(815301076,1909f56bfc062723c751e8b465ee728b)
Start importing Assets/JMO Assets/Cartoon FX/Materials/Animated/CFX_Anim_Poof_Add.mat using Guid(e3d4119c3e4597d4b90fc27f1419ca4b) Importer(815301076,1909f56bfc062723c751e8b465ee728b)  -> (artifact id: '18c2acb26ba646f24fcdf5fea63d335f') in 0.017746 seconds 
========================================================================
Received Import Request.
  Time since last request: 0.000206 seconds.
  path: Assets/JMO Assets/Cartoon FX/Materials/Animated/CFX_Anim_Triangle2_AlphaBlendedPremult.mat
  artifactKey: Guid(4d5a52cb18e09b843887aee389016b8d) Importer(815301076,1909f56bfc062723c751e8b465ee728b)
Start importing Assets/JMO Assets/Cartoon FX/Materials/Animated/CFX_Anim_Triangle2_AlphaBlendedPremult.mat using Guid(4d5a52cb18e09b843887aee389016b8d) Importer(815301076,1909f56bfc062723c751e8b465ee728b)  -> (artifact id: 'a7bb8fec2f6cf33e8d0b8aec7c0fcaf1') in 0.037142 seconds 
========================================================================
Received Import Request.
  Time since last request: 0.000195 seconds.
  path: Assets/JMO Assets/Cartoon FX/Materials/Animated/CFX_Anim_Triangle3_Mult.mat
  artifactKey: Guid(b80f90b03c314184d815078631addca8) Importer(815301076,1909f56bfc062723c751e8b465ee728b)
Start importing Assets/JMO Assets/Cartoon FX/Materials/Animated/CFX_Anim_Triangle3_Mult.mat using Guid(b80f90b03c314184d815078631addca8) Importer(815301076,1909f56bfc062723c751e8b465ee728b)  -> (artifact id: 'e860805aa4b18bb778b818d0ceee9367') in 0.015867 seconds 
========================================================================
Received Import Request.
  Time since last request: 0.000214 seconds.
  path: Assets/JMO Assets/Cartoon FX/Materials/Animated/CFX_Anim_Triangle_AddSoft.mat
  artifactKey: Guid(944bc1016f6ac38439ec1bf04fab9550) Importer(815301076,1909f56bfc062723c751e8b465ee728b)
Start importing Assets/JMO Assets/Cartoon FX/Materials/Animated/CFX_Anim_Triangle_AddSoft.mat using Guid(944bc1016f6ac38439ec1bf04fab9550) Importer(815301076,1909f56bfc062723c751e8b465ee728b)  -> (artifact id: 'c0237dbb4660c957ec26a884bba302c2') in 0.014016 seconds 
========================================================================
Received Import Request.
  Time since last request: 0.000209 seconds.
  path: Assets/JMO Assets/Cartoon FX/Materials/Animated/CFX_Anim_Bubble_Add.mat
  artifactKey: Guid(503ba37627ac18c4ebe9bbe73d6ea9ad) Importer(815301076,1909f56bfc062723c751e8b465ee728b)
Start importing Assets/JMO Assets/Cartoon FX/Materials/Animated/CFX_Anim_Bubble_Add.mat using Guid(503ba37627ac18c4ebe9bbe73d6ea9ad) Importer(815301076,1909f56bfc062723c751e8b465ee728b)  -> (artifact id: 'b3c81dd372cbd954ab9c7e7a62c18baf') in 0.015360 seconds 
========================================================================
Received Import Request.
  Time since last request: 0.000260 seconds.
  path: Assets/JMO Assets/Cartoon FX/Materials/Animated/CFX_Anim_Electricity_Add.mat
  artifactKey: Guid(fcb97c6faf083ca4f978210036f3832b) Importer(815301076,1909f56bfc062723c751e8b465ee728b)
Start importing Assets/JMO Assets/Cartoon FX/Materials/Animated/CFX_Anim_Electricity_Add.mat using Guid(fcb97c6faf083ca4f978210036f3832b) Importer(815301076,1909f56bfc062723c751e8b465ee728b)  -> (artifact id: '8446ded6799f5950cf616abd6f9b15c6') in 0.017761 seconds 
========================================================================
Received Import Request.
  Time since last request: 2.380020 seconds.
  path: Assets/JMO Assets/Cartoon FX/Materials/Blood
  artifactKey: Guid(87a2fb0ecf1ca1e4283c65f9694ce324) Importer(815301076,1909f56bfc062723c751e8b465ee728b)
Start importing Assets/JMO Assets/Cartoon FX/Materials/Blood using Guid(87a2fb0ecf1ca1e4283c65f9694ce324) Importer(815301076,1909f56bfc062723c751e8b465ee728b)  -> (artifact id: '5effabceb825eaccba53e8480319be2b') in 0.007881 seconds 
========================================================================
Received Import Request.
  Time since last request: 0.501503 seconds.
  path: Assets/JMO Assets/Cartoon FX/Materials/Electric
  artifactKey: Guid(1f52f6a732ec6f34ea3830a49c4c0422) Importer(815301076,1909f56bfc062723c751e8b465ee728b)
Start importing Assets/JMO Assets/Cartoon FX/Materials/Electric using Guid(1f52f6a732ec6f34ea3830a49c4c0422) Importer(815301076,1909f56bfc062723c751e8b465ee728b)  -> (artifact id: '347708051bab2804aee982ec2a99ad9f') in 0.007118 seconds 
========================================================================
Received Import Request.
  Time since last request: 0.026561 seconds.
  path: Assets/JMO Assets/Cartoon FX/Materials/Fire
  artifactKey: Guid(84aeebfa852fbf64b9c8e32d5f345f60) Importer(815301076,1909f56bfc062723c751e8b465ee728b)
Start importing Assets/JMO Assets/Cartoon FX/Materials/Fire using Guid(84aeebfa852fbf64b9c8e32d5f345f60) Importer(815301076,1909f56bfc062723c751e8b465ee728b)  -> (artifact id: '0375b66d069564b44671fd129014fc4e') in 0.009612 seconds 
========================================================================
Received Import Request.
  Time since last request: 0.027950 seconds.
  path: Assets/JMO Assets/Cartoon FX/Materials/Light
  artifactKey: Guid(92f5afd3f6e55ff43b60614b642c3299) Importer(815301076,1909f56bfc062723c751e8b465ee728b)
Start importing Assets/JMO Assets/Cartoon FX/Materials/Light using Guid(92f5afd3f6e55ff43b60614b642c3299) Importer(815301076,1909f56bfc062723c751e8b465ee728b)  -> (artifact id: '563618ee1356b0b7aa6a45ae20cda68d') in 0.008686 seconds 
========================================================================
Received Import Request.
  Time since last request: 1.734015 seconds.
  path: Assets/JMO Assets/Cartoon FX/Mesh
  artifactKey: Guid(b902967ed7e36ae43be8ab05afdabb8a) Importer(815301076,1909f56bfc062723c751e8b465ee728b)
Start importing Assets/JMO Assets/Cartoon FX/Mesh using Guid(b902967ed7e36ae43be8ab05afdabb8a) Importer(815301076,1909f56bfc062723c751e8b465ee728b)  -> (artifact id: 'af52d46dfe03a4031094e255aa9dc796') in 0.006997 seconds 
========================================================================
Received Import Request.
  Time since last request: 1.267403 seconds.
  path: Assets/JMO Assets/Cartoon FX/Scripts
  artifactKey: Guid(223e077284a06094ab8488db9e6eaa1a) Importer(815301076,1909f56bfc062723c751e8b465ee728b)
Start importing Assets/JMO Assets/Cartoon FX/Scripts using Guid(223e077284a06094ab8488db9e6eaa1a) Importer(815301076,1909f56bfc062723c751e8b465ee728b)  -> (artifact id: '8bff0c8c61474eb5a6cc229ebb14f38c') in 0.007240 seconds 
========================================================================
Received Import Request.
  Time since last request: 1.484651 seconds.
  path: Assets/JMO Assets/Cartoon FX/Shaders
  artifactKey: Guid(b88b04a40932a8d4780f970b19327f80) Importer(815301076,1909f56bfc062723c751e8b465ee728b)
Start importing Assets/JMO Assets/Cartoon FX/Shaders using Guid(b88b04a40932a8d4780f970b19327f80) Importer(815301076,1909f56bfc062723c751e8b465ee728b)  -> (artifact id: '6a61b7612e2787155213d3ff8d7357f2') in 0.007870 seconds 
========================================================================
Received Import Request.
  Time since last request: 1.349289 seconds.
  path: Assets/JMO Assets/Cartoon FX/Textures
  artifactKey: Guid(be11574018eb9cc4882e2d9ddb8c7926) Importer(815301076,1909f56bfc062723c751e8b465ee728b)
Start importing Assets/JMO Assets/Cartoon FX/Textures using Guid(be11574018eb9cc4882e2d9ddb8c7926) Importer(815301076,1909f56bfc062723c751e8b465ee728b)  -> (artifact id: '051cf69d66611c93ae28389a28024029') in 0.007929 seconds 
========================================================================
Received Import Request.
  Time since last request: 0.257267 seconds.
  path: Assets/JMO Assets/Cartoon FX/Textures/CFX2_T_Bat.png
  artifactKey: Guid(32e27c4d7b392d448928e914fbf9b2d1) Importer(815301076,1909f56bfc062723c751e8b465ee728b)
Start importing Assets/JMO Assets/Cartoon FX/Textures/CFX2_T_Bat.png using Guid(32e27c4d7b392d448928e914fbf9b2d1) Importer(815301076,1909f56bfc062723c751e8b465ee728b)  -> (artifact id: '2a9fb38091f699c58862d343cf160c99') in 0.021106 seconds 
========================================================================
Received Import Request.
  Time since last request: 0.000171 seconds.
  path: Assets/JMO Assets/Cartoon FX/Textures/CFX4_T_PaintHit.png
  artifactKey: Guid(9e8ecf28345d6f44d9386600ea414f4d) Importer(815301076,1909f56bfc062723c751e8b465ee728b)
Start importing Assets/JMO Assets/Cartoon FX/Textures/CFX4_T_PaintHit.png using Guid(9e8ecf28345d6f44d9386600ea414f4d) Importer(815301076,1909f56bfc062723c751e8b465ee728b)  -> (artifact id: '1748125b50ef1360315e6c88ba8ede45') in 0.014519 seconds 
========================================================================
Received Import Request.
  Time since last request: 0.000217 seconds.
  path: Assets/JMO Assets/Cartoon FX/Textures/CFX3_T_SmallRay.png
  artifactKey: Guid(0659a2faaee9f7442a45c7ec908dabcb) Importer(815301076,1909f56bfc062723c751e8b465ee728b)
Start importing Assets/JMO Assets/Cartoon FX/Textures/CFX3_T_SmallRay.png using Guid(0659a2faaee9f7442a45c7ec908dabcb) Importer(815301076,1909f56bfc062723c751e8b465ee728b)  -> (artifact id: 'e72584ebf9d16b057b2aca14460bb38d') in 0.011972 seconds 
========================================================================
Received Import Request.
  Time since last request: 0.000214 seconds.
  path: Assets/JMO Assets/Cartoon FX/Textures/CFX_T_Text_HitRandom.tga
  artifactKey: Guid(e4c04f362fa1cc84dbf21d831431e501) Importer(815301076,1909f56bfc062723c751e8b465ee728b)
Start importing Assets/JMO Assets/Cartoon FX/Textures/CFX_T_Text_HitRandom.tga using Guid(e4c04f362fa1cc84dbf21d831431e501) Importer(815301076,1909f56bfc062723c751e8b465ee728b)  -> (artifact id: '777849734fff89ba8effe6caa64369e3') in 0.012975 seconds 
========================================================================
Received Import Request.
  Time since last request: 0.000213 seconds.
  path: Assets/JMO Assets/Cartoon FX/Textures/CFX_T_SpacedSpike.png
  artifactKey: Guid(ebbcc38b2a5a365429d42c1e4c7ebf21) Importer(815301076,1909f56bfc062723c751e8b465ee728b)
Start importing Assets/JMO Assets/Cartoon FX/Textures/CFX_T_SpacedSpike.png using Guid(ebbcc38b2a5a365429d42c1e4c7ebf21) Importer(815301076,1909f56bfc062723c751e8b465ee728b)  -> (artifact id: '9d24fd5a9e342abf3e1737aee01fd389') in 0.010647 seconds 
========================================================================
Received Import Request.
  Time since last request: 0.000209 seconds.
  path: Assets/JMO Assets/Cartoon FX/Textures/CFX3_T_GlowStar.png
  artifactKey: Guid(91d3d754c3f2ed742b805399cbbbe0e9) Importer(815301076,1909f56bfc062723c751e8b465ee728b)
Start importing Assets/JMO Assets/Cartoon FX/Textures/CFX3_T_GlowStar.png using Guid(91d3d754c3f2ed742b805399cbbbe0e9) Importer(815301076,1909f56bfc062723c751e8b465ee728b)  -> (artifact id: '62f096e0cdec15df378f82500c624015') in 0.012084 seconds 
========================================================================
Received Import Request.
  Time since last request: 0.000233 seconds.
  path: Assets/JMO Assets/Cartoon FX/Textures/CFX2_T_SmallRocks_4Frames.tga
  artifactKey: Guid(9648024bd8fe4834e8a465c7222510fa) Importer(815301076,1909f56bfc062723c751e8b465ee728b)
Start importing Assets/JMO Assets/Cartoon FX/Textures/CFX2_T_SmallRocks_4Frames.tga using Guid(9648024bd8fe4834e8a465c7222510fa) Importer(815301076,1909f56bfc062723c751e8b465ee728b)  -> (artifact id: 'cf9ec122c4ed70f8100e48467b0366cf') in 0.011163 seconds 
========================================================================
Received Import Request.
  Time since last request: 0.000226 seconds.
  path: Assets/JMO Assets/Cartoon FX/Textures/CFX2_T_Decal_BloodPuddle_AB.tga
  artifactKey: Guid(4be0e8aa5e8747240af836ab4904c4a5) Importer(815301076,1909f56bfc062723c751e8b465ee728b)
Start importing Assets/JMO Assets/Cartoon FX/Textures/CFX2_T_Decal_BloodPuddle_AB.tga using Guid(4be0e8aa5e8747240af836ab4904c4a5) Importer(815301076,1909f56bfc062723c751e8b465ee728b)  -> (artifact id: 'ce9b47b9ac96d69f37def90999489221') in 0.013682 seconds 
========================================================================
Received Import Request.
  Time since last request: 0.000196 seconds.
  path: Assets/JMO Assets/Cartoon FX/Textures/CFX_T_Star.tga
  artifactKey: Guid(95b22be2b746dff46a95032d1620aae1) Importer(815301076,1909f56bfc062723c751e8b465ee728b)
Start importing Assets/JMO Assets/Cartoon FX/Textures/CFX_T_Star.tga using Guid(95b22be2b746dff46a95032d1620aae1) Importer(815301076,1909f56bfc062723c751e8b465ee728b)  -> (artifact id: 'ed4ca2e5ed52610ed945c552d3175209') in 0.011801 seconds 
========================================================================
Received Import Request.
  Time since last request: 0.000231 seconds.
  path: Assets/JMO Assets/Cartoon FX/Textures/CFX3_T_GlowDot.png
  artifactKey: Guid(3deb8633c6b720d42aab1c61a340a3af) Importer(815301076,1909f56bfc062723c751e8b465ee728b)
Start importing Assets/JMO Assets/Cartoon FX/Textures/CFX3_T_GlowDot.png using Guid(3deb8633c6b720d42aab1c61a340a3af) Importer(815301076,1909f56bfc062723c751e8b465ee728b)  -> (artifact id: '506ca80894633d91ca9aebe4df5d0c21') in 0.011099 seconds 
========================================================================
Received Import Request.
  Time since last request: 0.000208 seconds.
  path: Assets/JMO Assets/Cartoon FX/Textures/CFX4_T_SparksHit.png
  artifactKey: Guid(a90f18bd790c8ec409e2fa3be62f3ee7) Importer(815301076,1909f56bfc062723c751e8b465ee728b)
Start importing Assets/JMO Assets/Cartoon FX/Textures/CFX4_T_SparksHit.png using Guid(a90f18bd790c8ec409e2fa3be62f3ee7) Importer(815301076,1909f56bfc062723c751e8b465ee728b)  -> (artifact id: '0a8e6587e369bd0fdf95aa4cb40f51c6') in 0.012236 seconds 
========================================================================
Received Import Request.
  Time since last request: 0.000184 seconds.
  path: Assets/JMO Assets/Cartoon FX/Textures/CFX3_T_Skull.png
  artifactKey: Guid(6c1c207199cd6d044858440b08f67726) Importer(815301076,1909f56bfc062723c751e8b465ee728b)
Start importing Assets/JMO Assets/Cartoon FX/Textures/CFX3_T_Skull.png using Guid(6c1c207199cd6d044858440b08f67726) Importer(815301076,1909f56bfc062723c751e8b465ee728b)  -> (artifact id: '4362e570f86c0d0fbb0c1c40af4d8bff') in 0.011907 seconds 
========================================================================
Received Import Request.
  Time since last request: 0.000212 seconds.
  path: Assets/JMO Assets/Cartoon FX/Textures/CFX_T_Flame1_ABP.tga
  artifactKey: Guid(c05e2ace26b44c34c8012474ae4faf44) Importer(815301076,1909f56bfc062723c751e8b465ee728b)
Start importing Assets/JMO Assets/Cartoon FX/Textures/CFX_T_Flame1_ABP.tga using Guid(c05e2ace26b44c34c8012474ae4faf44) Importer(815301076,1909f56bfc062723c751e8b465ee728b)  -> (artifact id: '85a4e479535ce34a2a626b6d7b233dd0') in 0.010595 seconds 
========================================================================
Received Import Request.
  Time since last request: 0.000228 seconds.
  path: Assets/JMO Assets/Cartoon FX/Textures/CFX_T_Star Add.png
  artifactKey: Guid(df9dab791d4192b4694f9a442f64b18d) Importer(815301076,1909f56bfc062723c751e8b465ee728b)
Start importing Assets/JMO Assets/Cartoon FX/Textures/CFX_T_Star Add.png using Guid(df9dab791d4192b4694f9a442f64b18d) Importer(815301076,1909f56bfc062723c751e8b465ee728b)  -> (artifact id: '9066b70039974b9e1f5eec95fc7666ee') in 0.013435 seconds 
========================================================================
Received Import Request.
  Time since last request: 0.000191 seconds.
  path: Assets/JMO Assets/Cartoon FX/Textures/CFX_T_Bubble.png
  artifactKey: Guid(fd5f77db0b1cae745bf2d8b8df194861) Importer(815301076,1909f56bfc062723c751e8b465ee728b)
Start importing Assets/JMO Assets/Cartoon FX/Textures/CFX_T_Bubble.png using Guid(fd5f77db0b1cae745bf2d8b8df194861) Importer(815301076,1909f56bfc062723c751e8b465ee728b)  -> (artifact id: '338074911b91163122ef4aa22c9fd56a') in 0.013204 seconds 
========================================================================
Received Import Request.
  Time since last request: 0.000222 seconds.
  path: Assets/JMO Assets/Cartoon FX/Textures/CFX3_T_AuraRays.png
  artifactKey: Guid(7bb9dadd2444bf3439822eed5645b2a0) Importer(815301076,1909f56bfc062723c751e8b465ee728b)
Start importing Assets/JMO Assets/Cartoon FX/Textures/CFX3_T_AuraRays.png using Guid(7bb9dadd2444bf3439822eed5645b2a0) Importer(815301076,1909f56bfc062723c751e8b465ee728b)  -> (artifact id: '149bbdad6dcae1d4be672ab6ee6aa72e') in 0.011273 seconds 
========================================================================
Received Import Request.
  Time since last request: 0.000210 seconds.
  path: Assets/JMO Assets/Cartoon FX/Textures/CFX2_T_WWInvSmoke2 AB.png
  artifactKey: Guid(d1df5e260d03bda4fb1f5e2b6c1e0989) Importer(815301076,1909f56bfc062723c751e8b465ee728b)
Start importing Assets/JMO Assets/Cartoon FX/Textures/CFX2_T_WWInvSmoke2 AB.png using Guid(d1df5e260d03bda4fb1f5e2b6c1e0989) Importer(815301076,1909f56bfc062723c751e8b465ee728b)  -> (artifact id: '643e843003f971d253b838195c0d3523') in 0.014037 seconds 
========================================================================
Received Import Request.
  Time since last request: 0.000181 seconds.
  path: Assets/JMO Assets/Cartoon FX/Textures/CFX_ElectricSparkle.png
  artifactKey: Guid(a070c34b838259a4eb4338c1c5b753b3) Importer(815301076,1909f56bfc062723c751e8b465ee728b)
Start importing Assets/JMO Assets/Cartoon FX/Textures/CFX_ElectricSparkle.png using Guid(a070c34b838259a4eb4338c1c5b753b3) Importer(815301076,1909f56bfc062723c751e8b465ee728b)  -> (artifact id: 'cd741319c853587d76f2acecc0769618') in 0.012430 seconds 
========================================================================
Received Import Request.
  Time since last request: 0.000212 seconds.
  path: Assets/JMO Assets/Cartoon FX/Textures/CFX2_T_Diamond Outline.png
  artifactKey: Guid(ee95c6682c9bfc84184687afe06f0aaf) Importer(815301076,1909f56bfc062723c751e8b465ee728b)
Start importing Assets/JMO Assets/Cartoon FX/Textures/CFX2_T_Diamond Outline.png using Guid(ee95c6682c9bfc84184687afe06f0aaf) Importer(815301076,1909f56bfc062723c751e8b465ee728b)  -> (artifact id: '27edea04d40e866447970e0bba4e8a0e') in 0.012379 seconds 
========================================================================
Received Import Request.
  Time since last request: 0.000260 seconds.
  path: Assets/JMO Assets/Cartoon FX/Textures/CFX_T_Ray.png
  artifactKey: Guid(2a23c90b6f28bf849a5ac28e2e9e6e41) Importer(815301076,1909f56bfc062723c751e8b465ee728b)
Start importing Assets/JMO Assets/Cartoon FX/Textures/CFX_T_Ray.png using Guid(2a23c90b6f28bf849a5ac28e2e9e6e41) Importer(815301076,1909f56bfc062723c751e8b465ee728b)  -> (artifact id: '899d4b9fe7d7a43fd2d867b9282bbfae') in 0.013740 seconds 
========================================================================
Received Import Request.
  Time since last request: 0.000168 seconds.
  path: Assets/JMO Assets/Cartoon FX/Textures/CFX4_T_AuraBubble.png
  artifactKey: Guid(f233a7a5a2c3777498cc5c62b506633a) Importer(815301076,1909f56bfc062723c751e8b465ee728b)
Start importing Assets/JMO Assets/Cartoon FX/Textures/CFX4_T_AuraBubble.png using Guid(f233a7a5a2c3777498cc5c62b506633a) Importer(815301076,1909f56bfc062723c751e8b465ee728b)  -> (artifact id: 'fc0761a67b5786d186c58fe780f0691a') in 0.014163 seconds 
========================================================================
Received Import Request.
  Time since last request: 0.000250 seconds.
  path: Assets/JMO Assets/Cartoon FX/Textures/CFX2_T_Heart.png
  artifactKey: Guid(025d69190a4ac0844aba79123c911853) Importer(815301076,1909f56bfc062723c751e8b465ee728b)
Start importing Assets/JMO Assets/Cartoon FX/Textures/CFX2_T_Heart.png using Guid(025d69190a4ac0844aba79123c911853) Importer(815301076,1909f56bfc062723c751e8b465ee728b)  -> (artifact id: '4369b01d6ef2b48e76238b1e65e903ca') in 0.011065 seconds 
========================================================================
Received Import Request.
  Time since last request: 0.000216 seconds.
  path: Assets/JMO Assets/Cartoon FX/Textures/CFX_T_RayRounded.png
  artifactKey: Guid(80afd895097ad144893ad78943aaf475) Importer(815301076,1909f56bfc062723c751e8b465ee728b)
Start importing Assets/JMO Assets/Cartoon FX/Textures/CFX_T_RayRounded.png using Guid(80afd895097ad144893ad78943aaf475) Importer(815301076,1909f56bfc062723c751e8b465ee728b)  -> (artifact id: '48e4897e968b6c83971b4f902edccac8') in 0.015091 seconds 
========================================================================
Received Import Request.
  Time since last request: 0.000273 seconds.
  path: Assets/JMO Assets/Cartoon FX/Textures/CFX_T_Anim4_Triangle3.png
  artifactKey: Guid(7fb1264fc225cf94bbc9edf9ad2b1020) Importer(815301076,1909f56bfc062723c751e8b465ee728b)
Start importing Assets/JMO Assets/Cartoon FX/Textures/CFX_T_Anim4_Triangle3.png using Guid(7fb1264fc225cf94bbc9edf9ad2b1020) Importer(815301076,1909f56bfc062723c751e8b465ee728b)  -> (artifact id: '4bd1c6a76474ee2a1667b53bbff555a1') in 0.011200 seconds 
========================================================================
Received Import Request.
  Time since last request: 0.000167 seconds.
  path: Assets/JMO Assets/Cartoon FX/Textures/CFX2_T_HeartBrokenSlice.png
  artifactKey: Guid(9864efbfd97a1d141aaef379143ac011) Importer(815301076,1909f56bfc062723c751e8b465ee728b)
Start importing Assets/JMO Assets/Cartoon FX/Textures/CFX2_T_HeartBrokenSlice.png using Guid(9864efbfd97a1d141aaef379143ac011) Importer(815301076,1909f56bfc062723c751e8b465ee728b)  -> (artifact id: 'd04a11615cf24cf115973ffc0efb5774') in 0.011021 seconds 
========================================================================
Received Import Request.
  Time since last request: 0.000239 seconds.
  path: Assets/JMO Assets/Cartoon FX/Textures/CFX4_T_Foam A8.png
  artifactKey: Guid(9dd1a066ff7a96b4fa6bc237ac8d61e8) Importer(815301076,1909f56bfc062723c751e8b465ee728b)
Start importing Assets/JMO Assets/Cartoon FX/Textures/CFX4_T_Foam A8.png using Guid(9dd1a066ff7a96b4fa6bc237ac8d61e8) Importer(815301076,1909f56bfc062723c751e8b465ee728b)  -> (artifact id: '5cab07d8788db2234d86943ed8bde6a8') in 0.016411 seconds 
========================================================================
Received Import Request.
  Time since last request: 0.000222 seconds.
  path: Assets/JMO Assets/Cartoon FX/Textures/CFX_T_Ripple.png
  artifactKey: Guid(8ac4371e521dca847a52403df09e80d7) Importer(815301076,1909f56bfc062723c751e8b465ee728b)
Start importing Assets/JMO Assets/Cartoon FX/Textures/CFX_T_Ripple.png using Guid(8ac4371e521dca847a52403df09e80d7) Importer(815301076,1909f56bfc062723c751e8b465ee728b)  -> (artifact id: '7b83f6ebe567c555d11b8149dfd09550') in 0.010375 seconds 
========================================================================
Received Import Request.
  Time since last request: 0.000243 seconds.
  path: Assets/JMO Assets/Cartoon FX/Textures/CFX4_T_BubbleSubtle A8.png
  artifactKey: Guid(2b1e7eedd7ee0e84495e702c91bc240a) Importer(815301076,1909f56bfc062723c751e8b465ee728b)
Start importing Assets/JMO Assets/Cartoon FX/Textures/CFX4_T_BubbleSubtle A8.png using Guid(2b1e7eedd7ee0e84495e702c91bc240a) Importer(815301076,1909f56bfc062723c751e8b465ee728b)  -> (artifact id: 'c44535486c4621d5037ca648545146b3') in 0.014857 seconds 
========================================================================
Received Import Request.
  Time since last request: 0.000234 seconds.
  path: Assets/JMO Assets/Cartoon FX/Textures/CFX2_T_Smiley Happy Outline.png
  artifactKey: Guid(8b5cfdfaadd8a244c854bac174bd9120) Importer(815301076,1909f56bfc062723c751e8b465ee728b)
Start importing Assets/JMO Assets/Cartoon FX/Textures/CFX2_T_Smiley Happy Outline.png using Guid(8b5cfdfaadd8a244c854bac174bd9120) Importer(815301076,1909f56bfc062723c751e8b465ee728b)  -> (artifact id: '3b443f9613d9712916528b0d492bc605') in 0.011129 seconds 
========================================================================
Received Import Request.
  Time since last request: 0.000214 seconds.
  path: Assets/JMO Assets/Cartoon FX/Textures/CFX2_T_Diamond.png
  artifactKey: Guid(b271b752f88ea45478b526f9a8b763b0) Importer(815301076,1909f56bfc062723c751e8b465ee728b)
Start importing Assets/JMO Assets/Cartoon FX/Textures/CFX2_T_Diamond.png using Guid(b271b752f88ea45478b526f9a8b763b0) Importer(815301076,1909f56bfc062723c751e8b465ee728b)  -> (artifact id: 'd35208849afac22287b4cb8e029f6e77') in 0.011578 seconds 
========================================================================
Received Import Request.
  Time since last request: 0.000181 seconds.
  path: Assets/JMO Assets/Cartoon FX/Textures/CFX_T_Skull.png
  artifactKey: Guid(a3830d369df2cfc478d7dcdfcf71157c) Importer(815301076,1909f56bfc062723c751e8b465ee728b)
Start importing Assets/JMO Assets/Cartoon FX/Textures/CFX_T_Skull.png using Guid(a3830d369df2cfc478d7dcdfcf71157c) Importer(815301076,1909f56bfc062723c751e8b465ee728b)  -> (artifact id: '29aa7867832aafd79dae0925487d9208') in 0.012958 seconds 
========================================================================
Received Import Request.
  Time since last request: 0.000181 seconds.
  path: Assets/JMO Assets/Cartoon FX/Textures/CFX3_T_CircleSoft.png
  artifactKey: Guid(da8f1c2ca73fa7849812d48c57b95295) Importer(815301076,1909f56bfc062723c751e8b465ee728b)
Start importing Assets/JMO Assets/Cartoon FX/Textures/CFX3_T_CircleSoft.png using Guid(da8f1c2ca73fa7849812d48c57b95295) Importer(815301076,1909f56bfc062723c751e8b465ee728b)  -> (artifact id: 'ebc8e64681be339d7121c3ee443cfe62') in 0.010404 seconds 
========================================================================
Received Import Request.
  Time since last request: 0.000170 seconds.
  path: Assets/JMO Assets/Cartoon FX/Textures/CFX4_T_FireSoft RGB.png
  artifactKey: Guid(4590452e6e05a624c98b4f931f719e56) Importer(815301076,1909f56bfc062723c751e8b465ee728b)
Start importing Assets/JMO Assets/Cartoon FX/Textures/CFX4_T_FireSoft RGB.png using Guid(4590452e6e05a624c98b4f931f719e56) Importer(815301076,1909f56bfc062723c751e8b465ee728b)  -> (artifact id: '1eacba99d379f3e9b90586765d878ea1') in 0.015101 seconds 
========================================================================
Received Import Request.
  Time since last request: 0.000170 seconds.
  path: Assets/JMO Assets/Cartoon FX/Textures/CFX2_T_WWSmoke Glow AB.tga
  artifactKey: Guid(cb1e9236f4c5c7d47b900b5f0026b10f) Importer(815301076,1909f56bfc062723c751e8b465ee728b)
Start importing Assets/JMO Assets/Cartoon FX/Textures/CFX2_T_WWSmoke Glow AB.tga using Guid(cb1e9236f4c5c7d47b900b5f0026b10f) Importer(815301076,1909f56bfc062723c751e8b465ee728b)  -> (artifact id: 'df05038830619f7833360d80fa6cb2e4') in 0.011155 seconds 
========================================================================
Received Import Request.
  Time since last request: 0.000199 seconds.
  path: Assets/JMO Assets/Cartoon FX/Textures/CFX_T_Anim4_Bubble.png
  artifactKey: Guid(12d6e56bbf4ac7a419ac250680dfae07) Importer(815301076,1909f56bfc062723c751e8b465ee728b)
Start importing Assets/JMO Assets/Cartoon FX/Textures/CFX_T_Anim4_Bubble.png using Guid(12d6e56bbf4ac7a419ac250680dfae07) Importer(815301076,1909f56bfc062723c751e8b465ee728b)  -> (artifact id: '9c564866a460298ba05f971b3449a084') in 0.010190 seconds 
========================================================================
Received Import Request.
  Time since last request: 0.000207 seconds.
  path: Assets/JMO Assets/Cartoon FX/Textures/CFX_T_Bolt.png
  artifactKey: Guid(347a4af640f58824d8438fae9b34a012) Importer(815301076,1909f56bfc062723c751e8b465ee728b)
Start importing Assets/JMO Assets/Cartoon FX/Textures/CFX_T_Bolt.png using Guid(347a4af640f58824d8438fae9b34a012) Importer(815301076,1909f56bfc062723c751e8b465ee728b)  -> (artifact id: 'bb1bd19ef5cd67b4a754424b5b8b374d') in 0.010528 seconds 
========================================================================
Received Import Request.
  Time since last request: 0.000189 seconds.
  path: Assets/JMO Assets/Cartoon FX/Textures/CFX2_T_Glow.png
  artifactKey: Guid(e387f662afce60c4cbf4689043469d34) Importer(815301076,1909f56bfc062723c751e8b465ee728b)
Start importing Assets/JMO Assets/Cartoon FX/Textures/CFX2_T_Glow.png using Guid(e387f662afce60c4cbf4689043469d34) Importer(815301076,1909f56bfc062723c751e8b465ee728b)  -> (artifact id: '493f45edb7470a52caeacd4a738990c2') in 0.015112 seconds 
========================================================================
Received Import Request.
  Time since last request: 0.000209 seconds.
  path: Assets/JMO Assets/Cartoon FX/Textures/CFX_T_Smoke_4Frames.tga
  artifactKey: Guid(3d70761f9ae377945a3aad2a3936df5e) Importer(815301076,1909f56bfc062723c751e8b465ee728b)
Start importing Assets/JMO Assets/Cartoon FX/Textures/CFX_T_Smoke_4Frames.tga using Guid(3d70761f9ae377945a3aad2a3936df5e) Importer(815301076,1909f56bfc062723c751e8b465ee728b)  -> (artifact id: '48a57fa3ae0ed8d95a401d669f1a5f1e') in 0.010060 seconds 
========================================================================
Received Import Request.
  Time since last request: 0.000219 seconds.
  path: Assets/JMO Assets/Cartoon FX/Textures/CFX4_T_GroundDebris AB.png
  artifactKey: Guid(1e3c761df42153c439e30160ebb12adc) Importer(815301076,1909f56bfc062723c751e8b465ee728b)
Start importing Assets/JMO Assets/Cartoon FX/Textures/CFX4_T_GroundDebris AB.png using Guid(1e3c761df42153c439e30160ebb12adc) Importer(815301076,1909f56bfc062723c751e8b465ee728b)  -> (artifact id: '6524270e4893d16d7739a00c41fe0602') in 0.011169 seconds 
========================================================================
Received Import Request.
  Time since last request: 0.000209 seconds.
  path: Assets/JMO Assets/Cartoon FX/Textures/CFX4_T_FireBulk AB.png
  artifactKey: Guid(f71f658d2f20fdf42b41170b8319e02d) Importer(815301076,1909f56bfc062723c751e8b465ee728b)
Start importing Assets/JMO Assets/Cartoon FX/Textures/CFX4_T_FireBulk AB.png using Guid(f71f658d2f20fdf42b41170b8319e02d) Importer(815301076,1909f56bfc062723c751e8b465ee728b)  -> (artifact id: 'd95b15425ef8c963ad98e73177960509') in 0.029833 seconds 
========================================================================
Received Import Request.
  Time since last request: 0.000176 seconds.
  path: Assets/JMO Assets/Cartoon FX/Textures/CFX2_T_Star Outline.png
  artifactKey: Guid(3ec618feb88d1cc4da88093df65f5795) Importer(815301076,1909f56bfc062723c751e8b465ee728b)
Start importing Assets/JMO Assets/Cartoon FX/Textures/CFX2_T_Star Outline.png using Guid(3ec618feb88d1cc4da88093df65f5795) Importer(815301076,1909f56bfc062723c751e8b465ee728b)  -> (artifact id: '9c4aed66ff93760f4410544daac5ba39') in 0.011194 seconds 
========================================================================
Received Import Request.
  Time since last request: 0.000206 seconds.
  path: Assets/JMO Assets/Cartoon FX/Textures/CFX3_T_FireSparkle.png
  artifactKey: Guid(52c1a422bfc04b543adc653b160af1e6) Importer(815301076,1909f56bfc062723c751e8b465ee728b)
Start importing Assets/JMO Assets/Cartoon FX/Textures/CFX3_T_FireSparkle.png using Guid(52c1a422bfc04b543adc653b160af1e6) Importer(815301076,1909f56bfc062723c751e8b465ee728b)  -> (artifact id: 'b10dcdf8d9ba8dfbd7fafb0a3c33e63d') in 0.010376 seconds 
========================================================================
Received Import Request.
  Time since last request: 0.000179 seconds.
  path: Assets/JMO Assets/Cartoon FX/Textures/CFX2_T_ShinyStar.png
  artifactKey: Guid(e11a46337d7c55c42b0a2df4ae4ce720) Importer(815301076,1909f56bfc062723c751e8b465ee728b)
Start importing Assets/JMO Assets/Cartoon FX/Textures/CFX2_T_ShinyStar.png using Guid(e11a46337d7c55c42b0a2df4ae4ce720) Importer(815301076,1909f56bfc062723c751e8b465ee728b)  -> (artifact id: '1811410e834513512a3b300d9f6d827e') in 0.018419 seconds 
========================================================================
Received Import Request.
  Time since last request: 0.000206 seconds.
  path: Assets/JMO Assets/Cartoon FX/Textures/CFX4_T_Circle.png
  artifactKey: Guid(b6342c23be279ce4fa9ca506fb0b1b05) Importer(815301076,1909f56bfc062723c751e8b465ee728b)
Start importing Assets/JMO Assets/Cartoon FX/Textures/CFX4_T_Circle.png using Guid(b6342c23be279ce4fa9ca506fb0b1b05) Importer(815301076,1909f56bfc062723c751e8b465ee728b)  -> (artifact id: 'daf26b26cefe7afb3541abed8febf463') in 0.012706 seconds 
========================================================================
Received Import Request.
  Time since last request: 0.000222 seconds.
  path: Assets/JMO Assets/Cartoon FX/Textures/CFX2_T_Smiley Happy.png
  artifactKey: Guid(04968eedb3f06fb478bf733d8fb53727) Importer(815301076,1909f56bfc062723c751e8b465ee728b)
Start importing Assets/JMO Assets/Cartoon FX/Textures/CFX2_T_Smiley Happy.png using Guid(04968eedb3f06fb478bf733d8fb53727) Importer(815301076,1909f56bfc062723c751e8b465ee728b)  -> (artifact id: 'cc6befd1528e04206d877fa0dd7d0ecb') in 0.011279 seconds 
========================================================================
Received Import Request.
  Time since last request: 0.000174 seconds.
  path: Assets/JMO Assets/Cartoon FX/Textures/CFX_T_Anim8_Triangle2.png
  artifactKey: Guid(398da4b026da3fd4dbe04dfc2ba43f09) Importer(815301076,1909f56bfc062723c751e8b465ee728b)
Start importing Assets/JMO Assets/Cartoon FX/Textures/CFX_T_Anim8_Triangle2.png using Guid(398da4b026da3fd4dbe04dfc2ba43f09) Importer(815301076,1909f56bfc062723c751e8b465ee728b)  -> (artifact id: '7e33810532b1a4aa5d8df1920e2d6003') in 0.009919 seconds 
========================================================================
Received Import Request.
  Time since last request: 0.000220 seconds.
  path: Assets/JMO Assets/Cartoon FX/Textures/CFX3_T_HollowCircle.png
  artifactKey: Guid(c3fcf89fb2ad67b4cbfbebbe0e2edd3d) Importer(815301076,1909f56bfc062723c751e8b465ee728b)
Start importing Assets/JMO Assets/Cartoon FX/Textures/CFX3_T_HollowCircle.png using Guid(c3fcf89fb2ad67b4cbfbebbe0e2edd3d) Importer(815301076,1909f56bfc062723c751e8b465ee728b)  -> (artifact id: '36efa8d4b0904ca6662d528ef5fc9d7f') in 0.011413 seconds 
========================================================================
Received Import Request.
  Time since last request: 0.000230 seconds.
  path: Assets/JMO Assets/Cartoon FX/Textures/CFX_T_Text_Boom.tga
  artifactKey: Guid(19af7054766e9ea4789ead0cefad4a77) Importer(815301076,1909f56bfc062723c751e8b465ee728b)
Start importing Assets/JMO Assets/Cartoon FX/Textures/CFX_T_Text_Boom.tga using Guid(19af7054766e9ea4789ead0cefad4a77) Importer(815301076,1909f56bfc062723c751e8b465ee728b)  -> (artifact id: '28455af95cb937fdab30b6f3a05a2575') in 0.012819 seconds 
========================================================================
Received Import Request.
  Time since last request: 0.000199 seconds.
  path: Assets/JMO Assets/Cartoon FX/Textures/CFX2_T_Wood.tga
  artifactKey: Guid(1b6f6b4520da0a54dbbf54076ba6fb9f) Importer(815301076,1909f56bfc062723c751e8b465ee728b)
Start importing Assets/JMO Assets/Cartoon FX/Textures/CFX2_T_Wood.tga using Guid(1b6f6b4520da0a54dbbf54076ba6fb9f) Importer(815301076,1909f56bfc062723c751e8b465ee728b)  -> (artifact id: '2a75a3bc73b844ceb9c8169c501d25a4') in 0.011161 seconds 
========================================================================
Received Import Request.
  Time since last request: 0.000204 seconds.
  path: Assets/JMO Assets/Cartoon FX/Textures/CFX_T_SpacedLine.png
  artifactKey: Guid(31ea030e6226b8241a5cfea71dc780f1) Importer(815301076,1909f56bfc062723c751e8b465ee728b)
Start importing Assets/JMO Assets/Cartoon FX/Textures/CFX_T_SpacedLine.png using Guid(31ea030e6226b8241a5cfea71dc780f1) Importer(815301076,1909f56bfc062723c751e8b465ee728b)  -> (artifact id: '352f70cbb5b127e183f136f4a993725f') in 0.012209 seconds 
========================================================================
Received Import Request.
  Time since last request: 0.000158 seconds.
  path: Assets/JMO Assets/Cartoon FX/Textures/CFX3_T_GlowSpike.png
  artifactKey: Guid(ef7c6c2563f24da42b7c53853678ae82) Importer(815301076,1909f56bfc062723c751e8b465ee728b)
Start importing Assets/JMO Assets/Cartoon FX/Textures/CFX3_T_GlowSpike.png using Guid(ef7c6c2563f24da42b7c53853678ae82) Importer(815301076,1909f56bfc062723c751e8b465ee728b)  -> (artifact id: '4f9ac73d46085bfe1c548636f67d0aea') in 0.012131 seconds 
========================================================================
Received Import Request.
  Time since last request: 0.000184 seconds.
  path: Assets/JMO Assets/Cartoon FX/Textures/CFX_T_Foam.png
  artifactKey: Guid(c4d5aed015bc1e74f8c8f6329edb4fbb) Importer(815301076,1909f56bfc062723c751e8b465ee728b)
Start importing Assets/JMO Assets/Cartoon FX/Textures/CFX_T_Foam.png using Guid(c4d5aed015bc1e74f8c8f6329edb4fbb) Importer(815301076,1909f56bfc062723c751e8b465ee728b)  -> (artifact id: '37c2524d4bd8c8a9ef21142fd8053378') in 0.011860 seconds 
========================================================================
Received Import Request.
  Time since last request: 0.000192 seconds.
  path: Assets/JMO Assets/Cartoon FX/Textures/CFX3_T_SmokePuff.png
  artifactKey: Guid(aff991a95cb92204fa62dffc7e7b6ead) Importer(815301076,1909f56bfc062723c751e8b465ee728b)
Start importing Assets/JMO Assets/Cartoon FX/Textures/CFX3_T_SmokePuff.png using Guid(aff991a95cb92204fa62dffc7e7b6ead) Importer(815301076,1909f56bfc062723c751e8b465ee728b)  -> (artifact id: 'f34ac89d59d2cf251b0231b9e8aaef42') in 0.016149 seconds 
========================================================================
Received Import Request.
  Time since last request: 0.000184 seconds.
  path: Assets/JMO Assets/Cartoon FX/Textures/CFX3_T_Leaf.tga
  artifactKey: Guid(5fdc25eb8487e2548bd4bc27b7d11789) Importer(815301076,1909f56bfc062723c751e8b465ee728b)
Start importing Assets/JMO Assets/Cartoon FX/Textures/CFX3_T_Leaf.tga using Guid(5fdc25eb8487e2548bd4bc27b7d11789) Importer(815301076,1909f56bfc062723c751e8b465ee728b)  -> (artifact id: '4a3197b65f16847da9bfd7b8b4e45bea') in 0.011583 seconds 
========================================================================
Received Import Request.
  Time since last request: 0.000167 seconds.
  path: Assets/JMO Assets/Cartoon FX/Textures/CFX2_T_SkullStretch.png
  artifactKey: Guid(768b0970ee4daaf4c9da3b88a3642814) Importer(815301076,1909f56bfc062723c751e8b465ee728b)
Start importing Assets/JMO Assets/Cartoon FX/Textures/CFX2_T_SkullStretch.png using Guid(768b0970ee4daaf4c9da3b88a3642814) Importer(815301076,1909f56bfc062723c751e8b465ee728b)  -> (artifact id: '9453db581497e9031e71b5be48e0a7e7') in 0.012522 seconds 
========================================================================
Received Import Request.
  Time since last request: 0.000214 seconds.
  path: Assets/JMO Assets/Cartoon FX/Textures/CFX2_T_Blood_AB.tga
  artifactKey: Guid(9c8240b5c6ffd404dadb82f7b6f2cbe6) Importer(815301076,1909f56bfc062723c751e8b465ee728b)
Start importing Assets/JMO Assets/Cartoon FX/Textures/CFX2_T_Blood_AB.tga using Guid(9c8240b5c6ffd404dadb82f7b6f2cbe6) Importer(815301076,1909f56bfc062723c751e8b465ee728b)  -> (artifact id: '2e7eda2062f03016b7370ec47719d6cc') in 0.011323 seconds 
========================================================================
Received Import Request.
  Time since last request: 0.000185 seconds.
  path: Assets/JMO Assets/Cartoon FX/Textures/CFX2_T_FadedRay.png
  artifactKey: Guid(03825a665aa62554eb3e92e2ab6c4b12) Importer(815301076,1909f56bfc062723c751e8b465ee728b)
Start importing Assets/JMO Assets/Cartoon FX/Textures/CFX2_T_FadedRay.png using Guid(03825a665aa62554eb3e92e2ab6c4b12) Importer(815301076,1909f56bfc062723c751e8b465ee728b)  -> (artifact id: '79da844d060bbaa72d5b29058a0b4cf4') in 0.015795 seconds 
========================================================================
Received Import Request.
  Time since last request: 0.000228 seconds.
  path: Assets/JMO Assets/Cartoon FX/Textures/CFX_T_Anim4_RoundedLines.png
  artifactKey: Guid(7987b6791dff098469332588914e2c84) Importer(815301076,1909f56bfc062723c751e8b465ee728b)
Start importing Assets/JMO Assets/Cartoon FX/Textures/CFX_T_Anim4_RoundedLines.png using Guid(7987b6791dff098469332588914e2c84) Importer(815301076,1909f56bfc062723c751e8b465ee728b)  -> (artifact id: 'fe8eb55a4117651aca75a652081954a3') in 0.009608 seconds 
========================================================================
Received Import Request.
  Time since last request: 0.000186 seconds.
  path: Assets/JMO Assets/Cartoon FX/Textures/CFX3_T_FireBulk.png
  artifactKey: Guid(e6d1dbabd3135d546b6c48db6a6879f3) Importer(815301076,1909f56bfc062723c751e8b465ee728b)
Start importing Assets/JMO Assets/Cartoon FX/Textures/CFX3_T_FireBulk.png using Guid(e6d1dbabd3135d546b6c48db6a6879f3) Importer(815301076,1909f56bfc062723c751e8b465ee728b)  -> (artifact id: '77a0b8aeb8db05ebe57c891accf7e761') in 0.016012 seconds 
========================================================================
Received Import Request.
  Time since last request: 0.000221 seconds.
  path: Assets/JMO Assets/Cartoon FX/Textures/CFX2_T_HeartOutline.png
  artifactKey: Guid(03e95ca11ee78cd4482680e2c4ec46f1) Importer(815301076,1909f56bfc062723c751e8b465ee728b)
Start importing Assets/JMO Assets/Cartoon FX/Textures/CFX2_T_HeartOutline.png using Guid(03e95ca11ee78cd4482680e2c4ec46f1) Importer(815301076,1909f56bfc062723c751e8b465ee728b)  -> (artifact id: '98a1816dd1a51715aacf61b5365bf50b') in 0.011209 seconds 
========================================================================
Received Import Request.
  Time since last request: 0.000225 seconds.
  path: Assets/JMO Assets/Cartoon FX/Textures/CFX4_T_Anim_WiggleLine.png
  artifactKey: Guid(cd895235a201703448c77a2952188cd1) Importer(815301076,1909f56bfc062723c751e8b465ee728b)
Start importing Assets/JMO Assets/Cartoon FX/Textures/CFX4_T_Anim_WiggleLine.png using Guid(cd895235a201703448c77a2952188cd1) Importer(815301076,1909f56bfc062723c751e8b465ee728b)  -> (artifact id: '6ea714dabc0d2c6cc287339cb0bbc12d') in 0.013804 seconds 
========================================================================
Received Import Request.
  Time since last request: 0.000202 seconds.
  path: Assets/JMO Assets/Cartoon FX/Textures/CFX3_T_AuraRunic.png
  artifactKey: Guid(d14d0e475cccac4459575f61f2a79a70) Importer(815301076,1909f56bfc062723c751e8b465ee728b)
Start importing Assets/JMO Assets/Cartoon FX/Textures/CFX3_T_AuraRunic.png using Guid(d14d0e475cccac4459575f61f2a79a70) Importer(815301076,1909f56bfc062723c751e8b465ee728b)  -> (artifact id: '65b73d32f1a49a431e0b9217c9721980') in 0.018571 seconds 
========================================================================
Received Import Request.
  Time since last request: 0.000194 seconds.
  path: Assets/JMO Assets/Cartoon FX/Textures/CFX4_T_SmokePuff AB.png
  artifactKey: Guid(c6706155351f6f64cb72882fdc1ca251) Importer(815301076,1909f56bfc062723c751e8b465ee728b)
Start importing Assets/JMO Assets/Cartoon FX/Textures/CFX4_T_SmokePuff AB.png using Guid(c6706155351f6f64cb72882fdc1ca251) Importer(815301076,1909f56bfc062723c751e8b465ee728b)  -> (artifact id: 'b66bf6bb829957d03d38f05d04c3e981') in 0.011733 seconds 
========================================================================
Received Import Request.
  Time since last request: 0.000267 seconds.
  path: Assets/JMO Assets/Cartoon FX/Textures/CFX2_T_GlowSoft.png
  artifactKey: Guid(8a75e78ce03d6bf4aa7ab9b759c2ca32) Importer(815301076,1909f56bfc062723c751e8b465ee728b)
Start importing Assets/JMO Assets/Cartoon FX/Textures/CFX2_T_GlowSoft.png using Guid(8a75e78ce03d6bf4aa7ab9b759c2ca32) Importer(815301076,1909f56bfc062723c751e8b465ee728b)  -> (artifact id: 'fa01351a4c64d0d71adbdcdc88d4e84c') in 0.011569 seconds 
========================================================================
Received Import Request.
  Time since last request: 0.000243 seconds.
  path: Assets/JMO Assets/Cartoon FX/Textures/CFX3_T_RayStraight.png
  artifactKey: Guid(25fe726fd84d1154790a6f91bccc02c5) Importer(815301076,1909f56bfc062723c751e8b465ee728b)
Start importing Assets/JMO Assets/Cartoon FX/Textures/CFX3_T_RayStraight.png using Guid(25fe726fd84d1154790a6f91bccc02c5) Importer(815301076,1909f56bfc062723c751e8b465ee728b)  -> (artifact id: 'b7d7f8635abc8436563a59b56ba96c6f') in 0.009502 seconds 
========================================================================
Received Import Request.
  Time since last request: 0.000222 seconds.
  path: Assets/JMO Assets/Cartoon FX/Textures/CFX_T_Anim4_Triangle1.png
  artifactKey: Guid(457b1e2e96148da47ac7049226511eff) Importer(815301076,1909f56bfc062723c751e8b465ee728b)
Start importing Assets/JMO Assets/Cartoon FX/Textures/CFX_T_Anim4_Triangle1.png using Guid(457b1e2e96148da47ac7049226511eff) Importer(815301076,1909f56bfc062723c751e8b465ee728b)  -> (artifact id: '081188113edf8d9ef1bbb75c8c1a053c') in 0.012072 seconds 
========================================================================
Received Import Request.
  Time since last request: 0.000160 seconds.
  path: Assets/JMO Assets/Cartoon FX/Textures/CFX_T_Anim7_Electricity.png
  artifactKey: Guid(67b0a4cd4c72b86469e7ca179598fcaf) Importer(815301076,1909f56bfc062723c751e8b465ee728b)
Start importing Assets/JMO Assets/Cartoon FX/Textures/CFX_T_Anim7_Electricity.png using Guid(67b0a4cd4c72b86469e7ca179598fcaf) Importer(815301076,1909f56bfc062723c751e8b465ee728b)  -> (artifact id: '85457a6691fb6b74bfefa27a37b0f93e') in 0.010526 seconds 
========================================================================
Received Import Request.
  Time since last request: 0.000197 seconds.
  path: Assets/JMO Assets/Cartoon FX/Textures/CFX2_T_WWInvSmoke ABP.png
  artifactKey: Guid(c4e3abfa6e9926248871f8c55bbbc57d) Importer(815301076,1909f56bfc062723c751e8b465ee728b)
Start importing Assets/JMO Assets/Cartoon FX/Textures/CFX2_T_WWInvSmoke ABP.png using Guid(c4e3abfa6e9926248871f8c55bbbc57d) Importer(815301076,1909f56bfc062723c751e8b465ee728b)  -> (artifact id: '9e6409443c61b71aa9e324d6ab7f820c') in 0.010941 seconds 
========================================================================
Received Import Request.
  Time since last request: 0.000183 seconds.
  path: Assets/JMO Assets/Cartoon FX/Textures/CFX4_T_PowHit.png
  artifactKey: Guid(3736d3a30afdf1f4f8a5ba4e289720d3) Importer(815301076,1909f56bfc062723c751e8b465ee728b)
Start importing Assets/JMO Assets/Cartoon FX/Textures/CFX4_T_PowHit.png using Guid(3736d3a30afdf1f4f8a5ba4e289720d3) Importer(815301076,1909f56bfc062723c751e8b465ee728b)  -> (artifact id: '8279f4143fd37dc6d6df473e6a87c03c') in 0.013429 seconds 
========================================================================
Received Import Request.
  Time since last request: 0.000191 seconds.
  path: Assets/JMO Assets/Cartoon FX/Textures/CFX_T_Splash_4Frames.png
  artifactKey: Guid(7756f8f5d53faa5418a5710442015153) Importer(815301076,1909f56bfc062723c751e8b465ee728b)
Start importing Assets/JMO Assets/Cartoon FX/Textures/CFX_T_Splash_4Frames.png using Guid(7756f8f5d53faa5418a5710442015153) Importer(815301076,1909f56bfc062723c751e8b465ee728b)  -> (artifact id: '15f3e632cf3a66e8c240962f5fe74d28') in 0.011720 seconds 
========================================================================
Received Import Request.
  Time since last request: 0.000167 seconds.
  path: Assets/JMO Assets/Cartoon FX/Textures/CFX_T_Text_Poof.tga
  artifactKey: Guid(3d3ef8fe9d00bd54f9a3ff4932e9b8a2) Importer(815301076,1909f56bfc062723c751e8b465ee728b)
Start importing Assets/JMO Assets/Cartoon FX/Textures/CFX_T_Text_Poof.tga using Guid(3d3ef8fe9d00bd54f9a3ff4932e9b8a2) Importer(815301076,1909f56bfc062723c751e8b465ee728b)  -> (artifact id: '61469662f21036992f05f24d45d31ffe') in 0.014122 seconds 
========================================================================
Received Import Request.
  Time since last request: 0.000212 seconds.
  path: Assets/JMO Assets/Cartoon FX/Textures/CFX2_T_HeartBroken_2Frames.png
  artifactKey: Guid(fc30dedb4b1539a459c3601dc98f4b47) Importer(815301076,1909f56bfc062723c751e8b465ee728b)
Start importing Assets/JMO Assets/Cartoon FX/Textures/CFX2_T_HeartBroken_2Frames.png using Guid(fc30dedb4b1539a459c3601dc98f4b47) Importer(815301076,1909f56bfc062723c751e8b465ee728b)  -> (artifact id: '57ebd07af7cda85d2b45f0f5226e6c4e') in 0.010835 seconds 
========================================================================
Received Import Request.
  Time since last request: 0.000218 seconds.
  path: Assets/JMO Assets/Cartoon FX/Textures/CFX2_T_Star.png
  artifactKey: Guid(6952b5f508f55574eaafe2fe79f66d45) Importer(815301076,1909f56bfc062723c751e8b465ee728b)
Start importing Assets/JMO Assets/Cartoon FX/Textures/CFX2_T_Star.png using Guid(6952b5f508f55574eaafe2fe79f66d45) Importer(815301076,1909f56bfc062723c751e8b465ee728b)  -> (artifact id: '4346b8aa706a34fa32d697d83811fe47') in 0.012240 seconds 
========================================================================
Received Import Request.
  Time since last request: 0.871326 seconds.
  path: Assets/JMO Assets/Cartoon FX/Textures/CFX_T_Text_Slash.tga
  artifactKey: Guid(44bee328d3c1249409852a4eefaa3491) Importer(815301076,1909f56bfc062723c751e8b465ee728b)
Start importing Assets/JMO Assets/Cartoon FX/Textures/CFX_T_Text_Slash.tga using Guid(44bee328d3c1249409852a4eefaa3491) Importer(815301076,1909f56bfc062723c751e8b465ee728b)  -> (artifact id: 'd6c863b293d5ea8c0387ddf328af5e1e') in 0.013750 seconds 
========================================================================
Received Import Request.
  Time since last request: 0.000179 seconds.
  path: Assets/JMO Assets/Cartoon FX/Textures/CFX_T_WhiteCircleSmall.png
  artifactKey: Guid(7b11eec997e4c3044a59e4a2ff710b4e) Importer(815301076,1909f56bfc062723c751e8b465ee728b)
Start importing Assets/JMO Assets/Cartoon FX/Textures/CFX_T_WhiteCircleSmall.png using Guid(7b11eec997e4c3044a59e4a2ff710b4e) Importer(815301076,1909f56bfc062723c751e8b465ee728b)  -> (artifact id: '8b4c4f36d46419f89a448adc46fe7734') in 0.016268 seconds 
========================================================================
Received Import Request.
  Time since last request: 0.000222 seconds.
  path: Assets/JMO Assets/Cartoon FX/Textures/CFX_T_Text_Splash.tga
  artifactKey: Guid(990f3a0b28ca04e489890586ecac7906) Importer(815301076,1909f56bfc062723c751e8b465ee728b)
Start importing Assets/JMO Assets/Cartoon FX/Textures/CFX_T_Text_Splash.tga using Guid(990f3a0b28ca04e489890586ecac7906) Importer(815301076,1909f56bfc062723c751e8b465ee728b)  -> (artifact id: '3773d516e50aa397bc036a93c712d2a0') in 0.011303 seconds 
========================================================================
Received Import Request.
  Time since last request: 0.000193 seconds.
  path: Assets/JMO Assets/Cartoon FX/Textures/CFX_T_Thunderbolt.tga
  artifactKey: Guid(eb4bc05a4546cf24aa08ed814eb2b6f0) Importer(815301076,1909f56bfc062723c751e8b465ee728b)
Start importing Assets/JMO Assets/Cartoon FX/Textures/CFX_T_Thunderbolt.tga using Guid(eb4bc05a4546cf24aa08ed814eb2b6f0) Importer(815301076,1909f56bfc062723c751e8b465ee728b)  -> (artifact id: '55d9f6ffc2c5fc26a92608136a0feea6') in 0.011061 seconds 
========================================================================
Received Import Request.
  Time since last request: 0.000205 seconds.
  path: Assets/JMO Assets/Cartoon FX/Textures/CFX_T_Tornado.png
  artifactKey: Guid(7fe6e3d4e0d540247a6d1af150194b29) Importer(815301076,1909f56bfc062723c751e8b465ee728b)
Start importing Assets/JMO Assets/Cartoon FX/Textures/CFX_T_Tornado.png using Guid(7fe6e3d4e0d540247a6d1af150194b29) Importer(815301076,1909f56bfc062723c751e8b465ee728b)  -> (artifact id: 'b3e1ec408422db1fec74dc93994785a8') in 0.013177 seconds 
========================================================================
Received Import Request.
  Time since last request: 0.000210 seconds.
  path: Assets/JMO Assets/Cartoon FX/Textures/CFX_T_Text_Woooshh.tga
  artifactKey: Guid(56c9748d4851c9c4bb6455c3c135618a) Importer(815301076,1909f56bfc062723c751e8b465ee728b)
Start importing Assets/JMO Assets/Cartoon FX/Textures/CFX_T_Text_Woooshh.tga using Guid(56c9748d4851c9c4bb6455c3c135618a) Importer(815301076,1909f56bfc062723c751e8b465ee728b)  -> (artifact id: '2b0a0e2e0db1c273c32930b48b370729') in 0.011082 seconds 
========================================================================
Received Import Request.
  Time since last request: 0.000209 seconds.
  path: Assets/JMO Assets/Cartoon FX/Textures/CFX_T_Text_Zap.tga
  artifactKey: Guid(46b730a4e94830e4c8c03be7abefe890) Importer(815301076,1909f56bfc062723c751e8b465ee728b)
Start importing Assets/JMO Assets/Cartoon FX/Textures/CFX_T_Text_Zap.tga using Guid(46b730a4e94830e4c8c03be7abefe890) Importer(815301076,1909f56bfc062723c751e8b465ee728b)  -> (artifact id: '77203f1e76c24f3f2adcfebbc4d72082') in 0.011999 seconds 
AssetImportWorkerClient::OnTransportError - code=2 error=End of file
