Using pre-set license
Built from '2020.3/staging' branch; Version is '2020.3.30f1 (1fb1bf06830e) revision 2077119'; Using compiler version '192528614'; Build Type 'Release'
OS: 'Windows 10  (10.0.19044) 64bit Core' Language: 'en' Physical Memory: 16318 MB
BatchMode: 1, IsHumanControllingUs: 0, StartBugReporterOnCrash: 0, Is64bit: 1, IsPro: 0

COMMAND LINE ARGUMENTS:
C:\Program Files\Unity\Hub\Editor\2020.3.30f1\Editor\Unity.exe
-adb2
-batchMode
-noUpm
-name
AssetImportWorker0
-projectPath
S:/unity/GitHub/unity/Tanks3D
-logFile
Logs/AssetImportWorker0.log
-srvPort
52395
Successfully changed project path to: S:/unity/GitHub/unity/Tanks3D
S:/unity/GitHub/unity/Tanks3D
Using Asset Import Pipeline V2.
Refreshing native plugins compatible for Editor in 58.91 ms, found 2 plugins.
Preloading 0 native plugins for Editor in 0.00 ms.
Initialize engine version: 2020.3.30f1 (1fb1bf06830e)
[Subsystems] Discovering subsystems at path C:/Program Files/Unity/Hub/Editor/2020.3.30f1/Editor/Data/Resources/UnitySubsystems
[Subsystems] Discovering subsystems at path S:/unity/GitHub/unity/Tanks3D/Assets
GfxDevice: creating device client; threaded=0
Direct3D:
    Version:  Direct3D 11.0 [level 11.1]
    Renderer: Radeon RX550/550 Series (ID=0x699f)
    Vendor:   
    VRAM:     2028 MB
    Driver:   30.0.13023.4001
Initialize mono
Mono path[0] = 'C:/Program Files/Unity/Hub/Editor/2020.3.30f1/Editor/Data/Managed'
Mono path[1] = 'C:/Program Files/Unity/Hub/Editor/2020.3.30f1/Editor/Data/MonoBleedingEdge/lib/mono/unityjit'
Mono config path = 'C:/Program Files/Unity/Hub/Editor/2020.3.30f1/Editor/Data/MonoBleedingEdge/etc'
Using monoOptions --debugger-agent=transport=dt_socket,embedding=1,server=y,suspend=n,address=127.0.0.1:56344
Begin MonoManager ReloadAssembly
Registering precompiled unity dll's ...
Register platform support module: C:/Program Files/Unity/Hub/Editor/2020.3.30f1/Editor/Data/PlaybackEngines/MacStandaloneSupport/UnityEditor.OSXStandalone.Extensions.dll
Register platform support module: C:/Program Files/Unity/Hub/Editor/2020.3.30f1/Editor/Data/PlaybackEngines/WindowsStandaloneSupport/UnityEditor.WindowsStandalone.Extensions.dll
Registered in 0.003039 seconds.
Native extension for WindowsStandalone target not found
Native extension for OSXStandalone target not found
Refreshing native plugins compatible for Editor in 59.21 ms, found 2 plugins.
Preloading 0 native plugins for Editor in 0.00 ms.
Mono: successfully reloaded assembly
- Completed reload, in  0.678 seconds
Domain Reload Profiling:
	ReloadAssembly (678ms)
		BeginReloadAssembly (77ms)
			ExecutionOrderSort (0ms)
			DisableScriptedObjects (0ms)
			BackupInstance (0ms)
			ReleaseScriptingObjects (0ms)
			CreateAndSetChildDomain (1ms)
		EndReloadAssembly (520ms)
			LoadAssemblies (74ms)
			RebuildTransferFunctionScriptingTraits (0ms)
			SetupTypeCache (161ms)
			ReleaseScriptCaches (0ms)
			RebuildScriptCaches (37ms)
			SetupLoadedEditorAssemblies (203ms)
				LogAssemblyErrors (0ms)
				InitializePlatformSupportModulesInManaged (6ms)
				SetLoadedEditorAssemblies (0ms)
				RefreshPlugins (59ms)
				BeforeProcessingInitializeOnLoad (18ms)
				ProcessInitializeOnLoadAttributes (89ms)
				ProcessInitializeOnLoadMethodAttributes (30ms)
				AfterProcessingInitializeOnLoad (0ms)
				EditorAssembliesLoaded (0ms)
			ExecutionOrderSort2 (0ms)
			AwakeInstancesAfterBackupRestoration (0ms)
Platform modules already initialized, skipping
Registering precompiled user dll's ...
Registered in 0.004282 seconds.
Begin MonoManager ReloadAssembly
Native extension for WindowsStandalone target not found
Native extension for OSXStandalone target not found
Refreshing native plugins compatible for Editor in 0.58 ms, found 2 plugins.
Preloading 0 native plugins for Editor in 0.00 ms.
Mono: successfully reloaded assembly
- Completed reload, in  1.246 seconds
Domain Reload Profiling:
	ReloadAssembly (1247ms)
		BeginReloadAssembly (169ms)
			ExecutionOrderSort (0ms)
			DisableScriptedObjects (6ms)
			BackupInstance (0ms)
			ReleaseScriptingObjects (0ms)
			CreateAndSetChildDomain (22ms)
		EndReloadAssembly (1004ms)
			LoadAssemblies (111ms)
			RebuildTransferFunctionScriptingTraits (0ms)
			SetupTypeCache (338ms)
			ReleaseScriptCaches (1ms)
			RebuildScriptCaches (73ms)
			SetupLoadedEditorAssemblies (381ms)
				LogAssemblyErrors (0ms)
				InitializePlatformSupportModulesInManaged (8ms)
				SetLoadedEditorAssemblies (1ms)
				RefreshPlugins (1ms)
				BeforeProcessingInitializeOnLoad (100ms)
				ProcessInitializeOnLoadAttributes (252ms)
				ProcessInitializeOnLoadMethodAttributes (11ms)
				AfterProcessingInitializeOnLoad (9ms)
				EditorAssembliesLoaded (0ms)
			ExecutionOrderSort2 (0ms)
			AwakeInstancesAfterBackupRestoration (7ms)
Platform modules already initialized, skipping
========================================================================
Worker process is ready to serve import requests
Launched and connected shader compiler UnityShaderCompiler.exe after 0.05 seconds
Refreshing native plugins compatible for Editor in 0.68 ms, found 2 plugins.
Preloading 0 native plugins for Editor in 0.00 ms.
Unloading 2484 Unused Serialized files (Serialized files now loaded: 0)
System memory in use before: 101.3 MB.
System memory in use after: 101.5 MB.

Unloading 22 unused Assets to reduce memory usage. Loaded Objects now: 2917.
Total: 3.149100 ms (FindLiveObjects: 0.232700 ms CreateObjectMapping: 0.061700 ms MarkObjects: 2.778800 ms  DeleteObjects: 0.075300 ms)

AssetImportParameters requested are different than current active one (requested -> active):
  custom:framework-win-MediaFoundation: 216162199b28c13a410421893ffa2e32 -> 
  custom:video-decoder-ogg-theora: a1e56fd34408186e4bbccfd4996cb3dc -> 
  custom:container-muxer-webm: aa71ff27fc2769a1b78a27578f13a17b -> 
  custom:container-demuxer-webm: 4f35f7cbe854078d1ac9338744f61a02 -> 
  custom:container-demuxer-ogg: 62fdf1f143b41e24485cea50d1cbac27 -> 
  custom:video-encoder-webm-vp8: eb34c28f22e8b96e1ab97ce403110664 -> 
  custom:video-decoder-webm-vp8: 9c59270c3fd7afecdb556c50c9e8de78 -> 
  custom:audio-decoder-ogg-vorbis: bf7c407c2cedff20999df2af8eb42d56 -> 
  custom:audio-encoder-webm-vorbis: bf7c407c2cedff20999df2af8eb42d56 -> 
========================================================================
Received Import Request.
  path: Assets/Prefabs/Player.prefab
  artifactKey: Guid(79842aac55224894ebfc0b44ccd0ba17) Importer(815301076,1909f56bfc062723c751e8b465ee728b)
Start importing Assets/Prefabs/Player.prefab using Guid(79842aac55224894ebfc0b44ccd0ba17) Importer(815301076,1909f56bfc062723c751e8b465ee728b)  -> (artifact id: '5b0a30600417d3084c7c44bb5dc19610') in 0.120190 seconds 
========================================================================
Received Import Request.
  Time since last request: 4.241990 seconds.
  path: Assets/Prefabs/Player.prefab
  artifactKey: Guid(79842aac55224894ebfc0b44ccd0ba17) Importer(815301076,1909f56bfc062723c751e8b465ee728b)
Start importing Assets/Prefabs/Player.prefab using Guid(79842aac55224894ebfc0b44ccd0ba17) Importer(815301076,1909f56bfc062723c751e8b465ee728b)  -> (artifact id: '110c7e61f02d94878facd9ba485d287c') in 0.017470 seconds 
========================================================================
Received Import Request.
  Time since last request: 5.210136 seconds.
  path: Assets/Prefabs/Player.prefab
  artifactKey: Guid(79842aac55224894ebfc0b44ccd0ba17) Importer(815301076,1909f56bfc062723c751e8b465ee728b)
Start importing Assets/Prefabs/Player.prefab using Guid(79842aac55224894ebfc0b44ccd0ba17) Importer(815301076,1909f56bfc062723c751e8b465ee728b)  -> (artifact id: 'bcaa2be31936ee675aa9fd3565fccb6b') in 0.011014 seconds 
========================================================================
Received Import Request.
  Time since last request: 9.852980 seconds.
  path: Assets/Prefabs/Player.prefab
  artifactKey: Guid(79842aac55224894ebfc0b44ccd0ba17) Importer(815301076,1909f56bfc062723c751e8b465ee728b)
Start importing Assets/Prefabs/Player.prefab using Guid(79842aac55224894ebfc0b44ccd0ba17) Importer(815301076,1909f56bfc062723c751e8b465ee728b)  -> (artifact id: '45db1e4f2b073ca02f96a8c8cf7703a8') in 0.010128 seconds 
========================================================================
Received Import Request.
  Time since last request: 3.030098 seconds.
  path: Assets/Prefabs/Player.prefab
  artifactKey: Guid(79842aac55224894ebfc0b44ccd0ba17) Importer(815301076,1909f56bfc062723c751e8b465ee728b)
Start importing Assets/Prefabs/Player.prefab using Guid(79842aac55224894ebfc0b44ccd0ba17) Importer(815301076,1909f56bfc062723c751e8b465ee728b)  -> (artifact id: '7ea7b31814e3092f257052233a63a424') in 0.010260 seconds 
========================================================================
Received Import Request.
  Time since last request: 7.039697 seconds.
  path: Assets/Prefabs/Player.prefab
  artifactKey: Guid(79842aac55224894ebfc0b44ccd0ba17) Importer(815301076,1909f56bfc062723c751e8b465ee728b)
Start importing Assets/Prefabs/Player.prefab using Guid(79842aac55224894ebfc0b44ccd0ba17) Importer(815301076,1909f56bfc062723c751e8b465ee728b)  -> (artifact id: '8f0db2a62d199d732feb914ce4767fc4') in 0.009770 seconds 
========================================================================
Received Import Request.
  Time since last request: 7.643513 seconds.
  path: Assets/Prefabs/Player.prefab
  artifactKey: Guid(79842aac55224894ebfc0b44ccd0ba17) Importer(815301076,1909f56bfc062723c751e8b465ee728b)
Start importing Assets/Prefabs/Player.prefab using Guid(79842aac55224894ebfc0b44ccd0ba17) Importer(815301076,1909f56bfc062723c751e8b465ee728b)  -> (artifact id: 'd36227544ac0372c288d1b7ac872cf27') in 0.008705 seconds 
========================================================================
Received Import Request.
  Time since last request: 3.208981 seconds.
  path: Assets/Prefabs/Player.prefab
  artifactKey: Guid(79842aac55224894ebfc0b44ccd0ba17) Importer(815301076,1909f56bfc062723c751e8b465ee728b)
Start importing Assets/Prefabs/Player.prefab using Guid(79842aac55224894ebfc0b44ccd0ba17) Importer(815301076,1909f56bfc062723c751e8b465ee728b)  -> (artifact id: '6c623d741818c6e1e4aa88f6fde4dc61') in 0.010118 seconds 
========================================================================
Received Import Request.
  Time since last request: 5.035703 seconds.
  path: Assets/Prefabs/Player.prefab
  artifactKey: Guid(79842aac55224894ebfc0b44ccd0ba17) Importer(815301076,1909f56bfc062723c751e8b465ee728b)
Start importing Assets/Prefabs/Player.prefab using Guid(79842aac55224894ebfc0b44ccd0ba17) Importer(815301076,1909f56bfc062723c751e8b465ee728b)  -> (artifact id: '9c963a52add39f84b196e48bcbfdc333') in 0.008862 seconds 
========================================================================
Received Import Request.
  Time since last request: 4.848601 seconds.
  path: Assets/Prefabs/Player.prefab
  artifactKey: Guid(79842aac55224894ebfc0b44ccd0ba17) Importer(815301076,1909f56bfc062723c751e8b465ee728b)
Start importing Assets/Prefabs/Player.prefab using Guid(79842aac55224894ebfc0b44ccd0ba17) Importer(815301076,1909f56bfc062723c751e8b465ee728b)  -> (artifact id: '0a1f1a30d5dd5ecc234e39bdaa2ab975') in 0.009645 seconds 
========================================================================
Received Import Request.
  Time since last request: 14.952558 seconds.
  path: Assets/Prefabs/Player.prefab
  artifactKey: Guid(79842aac55224894ebfc0b44ccd0ba17) Importer(815301076,1909f56bfc062723c751e8b465ee728b)
Start importing Assets/Prefabs/Player.prefab using Guid(79842aac55224894ebfc0b44ccd0ba17) Importer(815301076,1909f56bfc062723c751e8b465ee728b)  -> (artifact id: 'eeca0e867d013e7c714e17db24cc79b9') in 0.013733 seconds 
========================================================================
Received Import Request.
  Time since last request: 10.329145 seconds.
  path: Assets/Prefabs/Player.prefab
  artifactKey: Guid(79842aac55224894ebfc0b44ccd0ba17) Importer(815301076,1909f56bfc062723c751e8b465ee728b)
Start importing Assets/Prefabs/Player.prefab using Guid(79842aac55224894ebfc0b44ccd0ba17) Importer(815301076,1909f56bfc062723c751e8b465ee728b)  -> (artifact id: '8fc2c64123762fe2b4da7eb5157be3c8') in 0.012814 seconds 
========================================================================
Received Import Request.
  Time since last request: 10.061221 seconds.
  path: Assets/Prefabs/Player.prefab
  artifactKey: Guid(79842aac55224894ebfc0b44ccd0ba17) Importer(815301076,1909f56bfc062723c751e8b465ee728b)
Start importing Assets/Prefabs/Player.prefab using Guid(79842aac55224894ebfc0b44ccd0ba17) Importer(815301076,1909f56bfc062723c751e8b465ee728b)  -> (artifact id: 'ade4668afaeafd87a88b241ce912a237') in 0.012561 seconds 
========================================================================
Received Import Request.
  Time since last request: 3.813667 seconds.
  path: Assets/Prefabs/Player.prefab
  artifactKey: Guid(79842aac55224894ebfc0b44ccd0ba17) Importer(815301076,1909f56bfc062723c751e8b465ee728b)
Start importing Assets/Prefabs/Player.prefab using Guid(79842aac55224894ebfc0b44ccd0ba17) Importer(815301076,1909f56bfc062723c751e8b465ee728b)  -> (artifact id: '91329408bf3ff1c39a0924d376e8abf1') in 0.058980 seconds 
========================================================================
Received Import Request.
  Time since last request: 1.558901 seconds.
  path: Assets/Prefabs/Player.prefab
  artifactKey: Guid(79842aac55224894ebfc0b44ccd0ba17) Importer(815301076,1909f56bfc062723c751e8b465ee728b)
Start importing Assets/Prefabs/Player.prefab using Guid(79842aac55224894ebfc0b44ccd0ba17) Importer(815301076,1909f56bfc062723c751e8b465ee728b)  -> (artifact id: '2217f2721480fbdab2516ee45bd8189a') in 0.012110 seconds 
========================================================================
Received Import Request.
  Time since last request: 6.021830 seconds.
  path: Assets/Prefabs/Player.prefab
  artifactKey: Guid(79842aac55224894ebfc0b44ccd0ba17) Importer(815301076,1909f56bfc062723c751e8b465ee728b)
Start importing Assets/Prefabs/Player.prefab using Guid(79842aac55224894ebfc0b44ccd0ba17) Importer(815301076,1909f56bfc062723c751e8b465ee728b)  -> (artifact id: 'f11bd5b14168996ec67417f13dcf8c26') in 0.008081 seconds 
========================================================================
Received Import Request.
  Time since last request: 2.599987 seconds.
  path: Assets/Prefabs/Player.prefab
  artifactKey: Guid(79842aac55224894ebfc0b44ccd0ba17) Importer(815301076,1909f56bfc062723c751e8b465ee728b)
Start importing Assets/Prefabs/Player.prefab using Guid(79842aac55224894ebfc0b44ccd0ba17) Importer(815301076,1909f56bfc062723c751e8b465ee728b)  -> (artifact id: 'a17179e6b2da6bf81092c0fccc458d18') in 0.010358 seconds 
========================================================================
Received Import Request.
  Time since last request: 5.251125 seconds.
  path: Assets/Prefabs/Player.prefab
  artifactKey: Guid(79842aac55224894ebfc0b44ccd0ba17) Importer(815301076,1909f56bfc062723c751e8b465ee728b)
Start importing Assets/Prefabs/Player.prefab using Guid(79842aac55224894ebfc0b44ccd0ba17) Importer(815301076,1909f56bfc062723c751e8b465ee728b)  -> (artifact id: '02f441cb209b9231329e1b36a48af8aa') in 0.012324 seconds 
========================================================================
Received Import Request.
  Time since last request: 2.837503 seconds.
  path: Assets/Prefabs/Player.prefab
  artifactKey: Guid(79842aac55224894ebfc0b44ccd0ba17) Importer(815301076,1909f56bfc062723c751e8b465ee728b)
Start importing Assets/Prefabs/Player.prefab using Guid(79842aac55224894ebfc0b44ccd0ba17) Importer(815301076,1909f56bfc062723c751e8b465ee728b)  -> (artifact id: '128f733617a67a84b691383b8db2f935') in 0.012301 seconds 
========================================================================
Received Import Request.
  Time since last request: 9.650056 seconds.
  path: Assets/Prefabs/Player.prefab
  artifactKey: Guid(79842aac55224894ebfc0b44ccd0ba17) Importer(815301076,1909f56bfc062723c751e8b465ee728b)
Start importing Assets/Prefabs/Player.prefab using Guid(79842aac55224894ebfc0b44ccd0ba17) Importer(815301076,1909f56bfc062723c751e8b465ee728b)  -> (artifact id: 'b80297a35a8698ccab8e514c3a0f682c') in 0.016558 seconds 
========================================================================
Received Import Request.
  Time since last request: 6.041620 seconds.
  path: Assets/Prefabs/Player.prefab
  artifactKey: Guid(79842aac55224894ebfc0b44ccd0ba17) Importer(815301076,1909f56bfc062723c751e8b465ee728b)
Start importing Assets/Prefabs/Player.prefab using Guid(79842aac55224894ebfc0b44ccd0ba17) Importer(815301076,1909f56bfc062723c751e8b465ee728b)  -> (artifact id: '817f4c46818734ef446bb3537837c2ac') in 0.012120 seconds 
========================================================================
Received Import Request.
  Time since last request: 14.480894 seconds.
  path: Assets/Prefabs/Player.prefab
  artifactKey: Guid(79842aac55224894ebfc0b44ccd0ba17) Importer(815301076,1909f56bfc062723c751e8b465ee728b)
Start importing Assets/Prefabs/Player.prefab using Guid(79842aac55224894ebfc0b44ccd0ba17) Importer(815301076,1909f56bfc062723c751e8b465ee728b)  -> (artifact id: 'beee8a36bff5102155c7ddbde1f60224') in 0.009037 seconds 
========================================================================
Received Import Request.
  Time since last request: 8.852761 seconds.
  path: Assets/Prefabs/Player.prefab
  artifactKey: Guid(79842aac55224894ebfc0b44ccd0ba17) Importer(815301076,1909f56bfc062723c751e8b465ee728b)
Start importing Assets/Prefabs/Player.prefab using Guid(79842aac55224894ebfc0b44ccd0ba17) Importer(815301076,1909f56bfc062723c751e8b465ee728b)  -> (artifact id: 'ef1d0de006916f86b36da7b36f3f104f') in 0.011593 seconds 
========================================================================
Received Prepare
Registering precompiled user dll's ...
Registered in 0.004255 seconds.
Begin MonoManager ReloadAssembly
Native extension for WindowsStandalone target not found
Native extension for OSXStandalone target not found
Refreshing native plugins compatible for Editor in 0.54 ms, found 2 plugins.
Preloading 0 native plugins for Editor in 0.00 ms.
Mono: successfully reloaded assembly
- Completed reload, in  1.169 seconds
Domain Reload Profiling:
	ReloadAssembly (1170ms)
		BeginReloadAssembly (142ms)
			ExecutionOrderSort (0ms)
			DisableScriptedObjects (5ms)
			BackupInstance (0ms)
			ReleaseScriptingObjects (0ms)
			CreateAndSetChildDomain (44ms)
		EndReloadAssembly (958ms)
			LoadAssemblies (105ms)
			RebuildTransferFunctionScriptingTraits (0ms)
			SetupTypeCache (334ms)
			ReleaseScriptCaches (1ms)
			RebuildScriptCaches (52ms)
			SetupLoadedEditorAssemblies (368ms)
				LogAssemblyErrors (0ms)
				InitializePlatformSupportModulesInManaged (6ms)
				SetLoadedEditorAssemblies (1ms)
				RefreshPlugins (1ms)
				BeforeProcessingInitializeOnLoad (107ms)
				ProcessInitializeOnLoadAttributes (234ms)
				ProcessInitializeOnLoadMethodAttributes (10ms)
				AfterProcessingInitializeOnLoad (9ms)
				EditorAssembliesLoaded (0ms)
			ExecutionOrderSort2 (0ms)
			AwakeInstancesAfterBackupRestoration (7ms)
Platform modules already initialized, skipping
Refreshing native plugins compatible for Editor in 0.54 ms, found 2 plugins.
Preloading 0 native plugins for Editor in 0.00 ms.
Unloading 2450 Unused Serialized files (Serialized files now loaded: 0)
System memory in use before: 101.4 MB.
System memory in use after: 101.6 MB.

Unloading 18 unused Assets to reduce memory usage. Loaded Objects now: 2928.
Total: 3.087300 ms (FindLiveObjects: 0.212500 ms CreateObjectMapping: 0.060400 ms MarkObjects: 2.784800 ms  DeleteObjects: 0.028800 ms)

AssetImportParameters requested are different than current active one (requested -> active):
  custom:framework-win-MediaFoundation: 216162199b28c13a410421893ffa2e32 -> 
  custom:video-decoder-ogg-theora: a1e56fd34408186e4bbccfd4996cb3dc -> 
  custom:container-muxer-webm: aa71ff27fc2769a1b78a27578f13a17b -> 
  custom:container-demuxer-webm: 4f35f7cbe854078d1ac9338744f61a02 -> 
  custom:container-demuxer-ogg: 62fdf1f143b41e24485cea50d1cbac27 -> 
  custom:video-encoder-webm-vp8: eb34c28f22e8b96e1ab97ce403110664 -> 
  custom:video-decoder-webm-vp8: 9c59270c3fd7afecdb556c50c9e8de78 -> 
  custom:audio-decoder-ogg-vorbis: bf7c407c2cedff20999df2af8eb42d56 -> 
  custom:audio-encoder-webm-vorbis: bf7c407c2cedff20999df2af8eb42d56 -> 
========================================================================
Received Import Request.
  Time since last request: 30.051671 seconds.
  path: Assets/Prefabs/Player.prefab
  artifactKey: Guid(79842aac55224894ebfc0b44ccd0ba17) Importer(815301076,1909f56bfc062723c751e8b465ee728b)
Start importing Assets/Prefabs/Player.prefab using Guid(79842aac55224894ebfc0b44ccd0ba17) Importer(815301076,1909f56bfc062723c751e8b465ee728b)  -> (artifact id: 'c19b39e4ff3190b7eb71b6070172db60') in 0.060795 seconds 
========================================================================
Received Import Request.
  Time since last request: 35.447111 seconds.
  path: Assets/New Material.mat
  artifactKey: Guid(ff3ede34fac3b7844bf5135092eed549) Importer(815301076,1909f56bfc062723c751e8b465ee728b)
Start importing Assets/New Material.mat using Guid(ff3ede34fac3b7844bf5135092eed549) Importer(815301076,1909f56bfc062723c751e8b465ee728b)  -> (artifact id: '819aa04fa5a379ec521c325e38451c5f') in 0.092195 seconds 
========================================================================
Received Prepare
Registering precompiled user dll's ...
Registered in 0.004197 seconds.
Begin MonoManager ReloadAssembly
Native extension for WindowsStandalone target not found
Native extension for OSXStandalone target not found
Refreshing native plugins compatible for Editor in 0.53 ms, found 2 plugins.
Preloading 0 native plugins for Editor in 0.00 ms.
Mono: successfully reloaded assembly
- Completed reload, in  1.156 seconds
Domain Reload Profiling:
	ReloadAssembly (1157ms)
		BeginReloadAssembly (138ms)
			ExecutionOrderSort (0ms)
			DisableScriptedObjects (5ms)
			BackupInstance (0ms)
			ReleaseScriptingObjects (0ms)
			CreateAndSetChildDomain (38ms)
		EndReloadAssembly (951ms)
			LoadAssemblies (108ms)
			RebuildTransferFunctionScriptingTraits (0ms)
			SetupTypeCache (335ms)
			ReleaseScriptCaches (1ms)
			RebuildScriptCaches (54ms)
			SetupLoadedEditorAssemblies (362ms)
				LogAssemblyErrors (0ms)
				InitializePlatformSupportModulesInManaged (6ms)
				SetLoadedEditorAssemblies (1ms)
				RefreshPlugins (1ms)
				BeforeProcessingInitializeOnLoad (93ms)
				ProcessInitializeOnLoadAttributes (241ms)
				ProcessInitializeOnLoadMethodAttributes (11ms)
				AfterProcessingInitializeOnLoad (9ms)
				EditorAssembliesLoaded (0ms)
			ExecutionOrderSort2 (0ms)
			AwakeInstancesAfterBackupRestoration (8ms)
Platform modules already initialized, skipping
Refreshing native plugins compatible for Editor in 0.53 ms, found 2 plugins.
Preloading 0 native plugins for Editor in 0.00 ms.
Unloading 2450 Unused Serialized files (Serialized files now loaded: 0)
System memory in use before: 101.7 MB.
System memory in use after: 101.9 MB.

Unloading 18 unused Assets to reduce memory usage. Loaded Objects now: 2964.
Total: 2.963400 ms (FindLiveObjects: 0.215300 ms CreateObjectMapping: 0.060200 ms MarkObjects: 2.659800 ms  DeleteObjects: 0.027500 ms)

AssetImportParameters requested are different than current active one (requested -> active):
  custom:framework-win-MediaFoundation: 216162199b28c13a410421893ffa2e32 -> 
  custom:video-decoder-ogg-theora: a1e56fd34408186e4bbccfd4996cb3dc -> 
  custom:container-muxer-webm: aa71ff27fc2769a1b78a27578f13a17b -> 
  custom:container-demuxer-webm: 4f35f7cbe854078d1ac9338744f61a02 -> 
  custom:container-demuxer-ogg: 62fdf1f143b41e24485cea50d1cbac27 -> 
  custom:video-encoder-webm-vp8: eb34c28f22e8b96e1ab97ce403110664 -> 
  custom:video-decoder-webm-vp8: 9c59270c3fd7afecdb556c50c9e8de78 -> 
  custom:audio-decoder-ogg-vorbis: bf7c407c2cedff20999df2af8eb42d56 -> 
  custom:audio-encoder-webm-vorbis: bf7c407c2cedff20999df2af8eb42d56 -> 
========================================================================
Received Import Request.
  Time since last request: 243.453273 seconds.
  path: Assets/Prefabs/Player.prefab
  artifactKey: Guid(79842aac55224894ebfc0b44ccd0ba17) Importer(815301076,1909f56bfc062723c751e8b465ee728b)
Start importing Assets/Prefabs/Player.prefab using Guid(79842aac55224894ebfc0b44ccd0ba17) Importer(815301076,1909f56bfc062723c751e8b465ee728b)  -> (artifact id: '15a37c585c3e7be40b15b9e4d614fdf7') in 0.061373 seconds 
========================================================================
Received Prepare
Registering precompiled user dll's ...
Registered in 0.004223 seconds.
Begin MonoManager ReloadAssembly
Native extension for WindowsStandalone target not found
Native extension for OSXStandalone target not found
Refreshing native plugins compatible for Editor in 0.67 ms, found 2 plugins.
Preloading 0 native plugins for Editor in 0.00 ms.
Mono: successfully reloaded assembly
- Completed reload, in  1.162 seconds
Domain Reload Profiling:
	ReloadAssembly (1162ms)
		BeginReloadAssembly (138ms)
			ExecutionOrderSort (0ms)
			DisableScriptedObjects (5ms)
			BackupInstance (0ms)
			ReleaseScriptingObjects (0ms)
			CreateAndSetChildDomain (43ms)
		EndReloadAssembly (952ms)
			LoadAssemblies (105ms)
			RebuildTransferFunctionScriptingTraits (0ms)
			SetupTypeCache (331ms)
			ReleaseScriptCaches (1ms)
			RebuildScriptCaches (54ms)
			SetupLoadedEditorAssemblies (363ms)
				LogAssemblyErrors (0ms)
				InitializePlatformSupportModulesInManaged (6ms)
				SetLoadedEditorAssemblies (1ms)
				RefreshPlugins (1ms)
				BeforeProcessingInitializeOnLoad (93ms)
				ProcessInitializeOnLoadAttributes (243ms)
				ProcessInitializeOnLoadMethodAttributes (10ms)
				AfterProcessingInitializeOnLoad (9ms)
				EditorAssembliesLoaded (0ms)
			ExecutionOrderSort2 (0ms)
			AwakeInstancesAfterBackupRestoration (7ms)
Platform modules already initialized, skipping
Refreshing native plugins compatible for Editor in 0.53 ms, found 2 plugins.
Preloading 0 native plugins for Editor in 0.00 ms.
Unloading 2450 Unused Serialized files (Serialized files now loaded: 0)
System memory in use before: 101.7 MB.
System memory in use after: 101.9 MB.

Unloading 17 unused Assets to reduce memory usage. Loaded Objects now: 2967.
Total: 2.957900 ms (FindLiveObjects: 0.219700 ms CreateObjectMapping: 0.063600 ms MarkObjects: 2.654800 ms  DeleteObjects: 0.018800 ms)

AssetImportParameters requested are different than current active one (requested -> active):
  custom:framework-win-MediaFoundation: 216162199b28c13a410421893ffa2e32 -> 
  custom:video-decoder-ogg-theora: a1e56fd34408186e4bbccfd4996cb3dc -> 
  custom:container-muxer-webm: aa71ff27fc2769a1b78a27578f13a17b -> 
  custom:container-demuxer-webm: 4f35f7cbe854078d1ac9338744f61a02 -> 
  custom:container-demuxer-ogg: 62fdf1f143b41e24485cea50d1cbac27 -> 
  custom:video-encoder-webm-vp8: eb34c28f22e8b96e1ab97ce403110664 -> 
  custom:video-decoder-webm-vp8: 9c59270c3fd7afecdb556c50c9e8de78 -> 
  custom:audio-decoder-ogg-vorbis: bf7c407c2cedff20999df2af8eb42d56 -> 
  custom:audio-encoder-webm-vorbis: bf7c407c2cedff20999df2af8eb42d56 -> 
========================================================================
Received Import Request.
  Time since last request: 64.585647 seconds.
  path: Assets/Resources/Enemy.prefab
  artifactKey: Guid(f9d8c47326fd29848bdbbcacd6d30d27) Importer(815301076,1909f56bfc062723c751e8b465ee728b)
Start importing Assets/Resources/Enemy.prefab using Guid(f9d8c47326fd29848bdbbcacd6d30d27) Importer(815301076,1909f56bfc062723c751e8b465ee728b)  -> (artifact id: '9a700379c3833e846a53e229ec38828d') in 0.065359 seconds 
========================================================================
Received Prepare
Registering precompiled user dll's ...
Registered in 0.004073 seconds.
Begin MonoManager ReloadAssembly
Native extension for WindowsStandalone target not found
Native extension for OSXStandalone target not found
Refreshing native plugins compatible for Editor in 0.54 ms, found 2 plugins.
Preloading 0 native plugins for Editor in 0.00 ms.
Mono: successfully reloaded assembly
- Completed reload, in  1.123 seconds
Domain Reload Profiling:
	ReloadAssembly (1123ms)
		BeginReloadAssembly (129ms)
			ExecutionOrderSort (0ms)
			DisableScriptedObjects (5ms)
			BackupInstance (0ms)
			ReleaseScriptingObjects (0ms)
			CreateAndSetChildDomain (35ms)
		EndReloadAssembly (924ms)
			LoadAssemblies (104ms)
			RebuildTransferFunctionScriptingTraits (0ms)
			SetupTypeCache (336ms)
			ReleaseScriptCaches (1ms)
			RebuildScriptCaches (52ms)
			SetupLoadedEditorAssemblies (339ms)
				LogAssemblyErrors (0ms)
				InitializePlatformSupportModulesInManaged (6ms)
				SetLoadedEditorAssemblies (1ms)
				RefreshPlugins (1ms)
				BeforeProcessingInitializeOnLoad (88ms)
				ProcessInitializeOnLoadAttributes (225ms)
				ProcessInitializeOnLoadMethodAttributes (10ms)
				AfterProcessingInitializeOnLoad (9ms)
				EditorAssembliesLoaded (0ms)
			ExecutionOrderSort2 (0ms)
			AwakeInstancesAfterBackupRestoration (7ms)
Platform modules already initialized, skipping
Refreshing native plugins compatible for Editor in 0.66 ms, found 2 plugins.
Preloading 0 native plugins for Editor in 0.00 ms.
Unloading 2450 Unused Serialized files (Serialized files now loaded: 0)
System memory in use before: 101.7 MB.
System memory in use after: 101.9 MB.

Unloading 17 unused Assets to reduce memory usage. Loaded Objects now: 2970.
Total: 2.986700 ms (FindLiveObjects: 0.217300 ms CreateObjectMapping: 0.063100 ms MarkObjects: 2.685500 ms  DeleteObjects: 0.019900 ms)

AssetImportParameters requested are different than current active one (requested -> active):
  custom:framework-win-MediaFoundation: 216162199b28c13a410421893ffa2e32 -> 
  custom:video-decoder-ogg-theora: a1e56fd34408186e4bbccfd4996cb3dc -> 
  custom:container-muxer-webm: aa71ff27fc2769a1b78a27578f13a17b -> 
  custom:container-demuxer-webm: 4f35f7cbe854078d1ac9338744f61a02 -> 
  custom:container-demuxer-ogg: 62fdf1f143b41e24485cea50d1cbac27 -> 
  custom:video-encoder-webm-vp8: eb34c28f22e8b96e1ab97ce403110664 -> 
  custom:video-decoder-webm-vp8: 9c59270c3fd7afecdb556c50c9e8de78 -> 
  custom:audio-decoder-ogg-vorbis: bf7c407c2cedff20999df2af8eb42d56 -> 
  custom:audio-encoder-webm-vorbis: bf7c407c2cedff20999df2af8eb42d56 -> 
AssetImportWorkerClient::OnTransportError - code=2 error=End of file
